{"/home/vinicius/Downloads/historiando-v2/backend/src/app.js": {"path":"/home/vinicius/Downloads/historiando-v2/backend/src/app.js","statementMap":{"0":{"start":{"line":3,"column":19},"end":{"line":3,"column":37}},"1":{"start":{"line":4,"column":19},"end":{"line":4,"column":36}},"2":{"start":{"line":5,"column":19},"end":{"line":5,"column":34}},"3":{"start":{"line":6,"column":19},"end":{"line":6,"column":48}},"4":{"start":{"line":7,"column":24},"end":{"line":7,"column":48}},"5":{"start":{"line":8,"column":24},"end":{"line":8,"column":50}},"6":{"start":{"line":9,"column":24},"end":{"line":9,"column":50}},"7":{"start":{"line":10,"column":24},"end":{"line":10,"column":53}},"8":{"start":{"line":12,"column":12},"end":{"line":12,"column":21}},"9":{"start":{"line":15,"column":0},"end":{"line":15,"column":18}},"10":{"start":{"line":18,"column":23},"end":{"line":20,"column":23}},"11":{"start":{"line":20,"column":14},"end":{"line":20,"column":22}},"12":{"start":{"line":22,"column":0},"end":{"line":31,"column":4}},"13":{"start":{"line":25,"column":4},"end":{"line":25,"column":74}},"14":{"start":{"line":25,"column":52},"end":{"line":25,"column":74}},"15":{"start":{"line":26,"column":4},"end":{"line":26,"column":56}},"16":{"start":{"line":34,"column":0},"end":{"line":34,"column":40}},"17":{"start":{"line":39,"column":20},"end":{"line":45,"column":2}},"18":{"start":{"line":48,"column":21},"end":{"line":55,"column":2}},"19":{"start":{"line":53,"column":28},"end":{"line":53,"column":44}},"20":{"start":{"line":58,"column":21},"end":{"line":65,"column":2}},"21":{"start":{"line":63,"column":28},"end":{"line":63,"column":44}},"22":{"start":{"line":69,"column":20},"end":{"line":69,"column":50}},"23":{"start":{"line":70,"column":2},"end":{"line":70,"column":63}},"24":{"start":{"line":70,"column":17},"end":{"line":70,"column":63}},"25":{"start":{"line":71,"column":2},"end":{"line":71,"column":48}},"26":{"start":{"line":75,"column":0},"end":{"line":80,"column":1}},"27":{"start":{"line":76,"column":2},"end":{"line":76,"column":66}},"28":{"start":{"line":77,"column":2},"end":{"line":77,"column":66}},"29":{"start":{"line":78,"column":2},"end":{"line":78,"column":66}},"30":{"start":{"line":79,"column":2},"end":{"line":79,"column":52}},"31":{"start":{"line":81,"column":0},"end":{"line":81,"column":33}},"32":{"start":{"line":84,"column":0},"end":{"line":84,"column":59}},"33":{"start":{"line":85,"column":0},"end":{"line":85,"column":59}},"34":{"start":{"line":86,"column":0},"end":{"line":86,"column":62}},"35":{"start":{"line":89,"column":0},"end":{"line":91,"column":3}},"36":{"start":{"line":90,"column":2},"end":{"line":90,"column":66}},"37":{"start":{"line":94,"column":0},"end":{"line":96,"column":3}},"38":{"start":{"line":95,"column":2},"end":{"line":95,"column":59}},"39":{"start":{"line":100,"column":0},"end":{"line":103,"column":3}},"40":{"start":{"line":101,"column":2},"end":{"line":101,"column":38}},"41":{"start":{"line":102,"column":2},"end":{"line":102,"column":64}},"42":{"start":{"line":105,"column":0},"end":{"line":105,"column":21}}},"fnMap":{"0":{"name":"(anonymous_0)","decl":{"start":{"line":20,"column":7},"end":{"line":20,"column":8}},"loc":{"start":{"line":20,"column":14},"end":{"line":20,"column":22}},"line":20},"1":{"name":"(anonymous_1)","decl":{"start":{"line":23,"column":10},"end":{"line":23,"column":11}},"loc":{"start":{"line":23,"column":26},"end":{"line":27,"column":3}},"line":23},"2":{"name":"(anonymous_2)","decl":{"start":{"line":53,"column":19},"end":{"line":53,"column":20}},"loc":{"start":{"line":53,"column":28},"end":{"line":53,"column":44}},"line":53},"3":{"name":"(anonymous_3)","decl":{"start":{"line":63,"column":19},"end":{"line":63,"column":20}},"loc":{"start":{"line":63,"column":28},"end":{"line":63,"column":44}},"line":63},"4":{"name":"getClientIp","decl":{"start":{"line":68,"column":9},"end":{"line":68,"column":20}},"loc":{"start":{"line":68,"column":26},"end":{"line":72,"column":1}},"line":68},"5":{"name":"(anonymous_5)","decl":{"start":{"line":89,"column":19},"end":{"line":89,"column":20}},"loc":{"start":{"line":89,"column":34},"end":{"line":91,"column":1}},"line":89},"6":{"name":"(anonymous_6)","decl":{"start":{"line":94,"column":8},"end":{"line":94,"column":9}},"loc":{"start":{"line":94,"column":23},"end":{"line":96,"column":1}},"line":94},"7":{"name":"(anonymous_7)","decl":{"start":{"line":100,"column":8},"end":{"line":100,"column":9}},"loc":{"start":{"line":100,"column":35},"end":{"line":103,"column":1}},"line":100}},"branchMap":{"0":{"loc":{"start":{"line":18,"column":24},"end":{"line":18,"column":78}},"type":"binary-expr","locations":[{"start":{"line":18,"column":24},"end":{"line":18,"column":51}},{"start":{"line":18,"column":55},"end":{"line":18,"column":78}}],"line":18},"1":{"loc":{"start":{"line":25,"column":4},"end":{"line":25,"column":74}},"type":"if","locations":[{"start":{"line":25,"column":4},"end":{"line":25,"column":74}},{"start":{},"end":{}}],"line":25},"2":{"loc":{"start":{"line":25,"column":8},"end":{"line":25,"column":50}},"type":"binary-expr","locations":[{"start":{"line":25,"column":8},"end":{"line":25,"column":15}},{"start":{"line":25,"column":19},"end":{"line":25,"column":50}}],"line":25},"3":{"loc":{"start":{"line":70,"column":2},"end":{"line":70,"column":63}},"type":"if","locations":[{"start":{"line":70,"column":2},"end":{"line":70,"column":63}},{"start":{},"end":{}}],"line":70},"4":{"loc":{"start":{"line":71,"column":9},"end":{"line":71,"column":47}},"type":"binary-expr","locations":[{"start":{"line":71,"column":9},"end":{"line":71,"column":34}},{"start":{"line":71,"column":38},"end":{"line":71,"column":47}}],"line":71},"5":{"loc":{"start":{"line":75,"column":0},"end":{"line":80,"column":1}},"type":"if","locations":[{"start":{"line":75,"column":0},"end":{"line":80,"column":1}},{"start":{},"end":{}}],"line":75}},"s":{"0":4,"1":4,"2":4,"3":4,"4":4,"5":4,"6":4,"7":4,"8":4,"9":4,"10":4,"11":4,"12":4,"13":35,"14":35,"15":0,"16":4,"17":4,"18":4,"19":0,"20":4,"21":0,"22":0,"23":0,"24":0,"25":0,"26":4,"27":0,"28":0,"29":0,"30":0,"31":4,"32":4,"33":4,"34":4,"35":4,"36":0,"37":4,"38":0,"39":4,"40":0,"41":0,"42":4},"f":{"0":4,"1":35,"2":0,"3":0,"4":0,"5":0,"6":0,"7":0},"b":{"0":[4,0],"1":[35,0],"2":[35,0],"3":[0,0],"4":[0,0],"5":[0,4]},"_coverageSchema":"1a1c01bbd47fc00a2c39e90264f33305004495a9","hash":"d4661410fadb62711e172f9c2ef50e338e50bb04"}
,"/home/vinicius/Downloads/historiando-v2/backend/src/db/client.js": {"path":"/home/vinicius/Downloads/historiando-v2/backend/src/db/client.js","statementMap":{"0":{"start":{"line":3,"column":17},"end":{"line":3,"column":30}},"1":{"start":{"line":5,"column":0},"end":{"line":7,"column":1}},"2":{"start":{"line":6,"column":2},"end":{"line":6,"column":54}},"3":{"start":{"line":9,"column":13},"end":{"line":15,"column":2}},"4":{"start":{"line":17,"column":0},"end":{"line":19,"column":3}},"5":{"start":{"line":18,"column":2},"end":{"line":18,"column":60}},"6":{"start":{"line":21,"column":0},"end":{"line":21,"column":22}}},"fnMap":{"0":{"name":"(anonymous_0)","decl":{"start":{"line":17,"column":17},"end":{"line":17,"column":18}},"loc":{"start":{"line":17,"column":26},"end":{"line":19,"column":1}},"line":17}},"branchMap":{"0":{"loc":{"start":{"line":5,"column":0},"end":{"line":7,"column":1}},"type":"if","locations":[{"start":{"line":5,"column":0},"end":{"line":7,"column":1}},{"start":{},"end":{}}],"line":5}},"s":{"0":4,"1":4,"2":0,"3":4,"4":4,"5":0,"6":4},"f":{"0":0},"b":{"0":[0,4]},"_coverageSchema":"1a1c01bbd47fc00a2c39e90264f33305004495a9","hash":"8d8cdc2869adfd4e906d357d74e2b130bb4be7eb"}
,"/home/vinicius/Downloads/historiando-v2/backend/src/middleware/authenticate.js": {"path":"/home/vinicius/Downloads/historiando-v2/backend/src/middleware/authenticate.js","statementMap":{"0":{"start":{"line":3,"column":30},"end":{"line":3,"column":65}},"1":{"start":{"line":4,"column":30},"end":{"line":4,"column":67}},"2":{"start":{"line":12,"column":21},"end":{"line":12,"column":55}},"3":{"start":{"line":13,"column":21},"end":{"line":15,"column":10}},"4":{"start":{"line":17,"column":2},"end":{"line":19,"column":3}},"5":{"start":{"line":18,"column":4},"end":{"line":18,"column":78}},"6":{"start":{"line":22,"column":2},"end":{"line":24,"column":3}},"7":{"start":{"line":23,"column":4},"end":{"line":23,"column":88}},"8":{"start":{"line":26,"column":2},"end":{"line":35,"column":3}},"9":{"start":{"line":27,"column":4},"end":{"line":27,"column":41}},"10":{"start":{"line":28,"column":4},"end":{"line":28,"column":22}},"11":{"start":{"line":29,"column":4},"end":{"line":29,"column":11}},"12":{"start":{"line":31,"column":20},"end":{"line":33,"column":25}},"13":{"start":{"line":34,"column":4},"end":{"line":34,"column":45}},"14":{"start":{"line":38,"column":0},"end":{"line":38,"column":30}}},"fnMap":{"0":{"name":"authenticate","decl":{"start":{"line":11,"column":9},"end":{"line":11,"column":21}},"loc":{"start":{"line":11,"column":38},"end":{"line":36,"column":1}},"line":11}},"branchMap":{"0":{"loc":{"start":{"line":12,"column":21},"end":{"line":12,"column":55}},"type":"binary-expr","locations":[{"start":{"line":12,"column":21},"end":{"line":12,"column":49}},{"start":{"line":12,"column":53},"end":{"line":12,"column":55}}],"line":12},"1":{"loc":{"start":{"line":13,"column":21},"end":{"line":15,"column":10}},"type":"cond-expr","locations":[{"start":{"line":14,"column":6},"end":{"line":14,"column":32}},{"start":{"line":15,"column":6},"end":{"line":15,"column":10}}],"line":13},"2":{"loc":{"start":{"line":17,"column":2},"end":{"line":19,"column":3}},"type":"if","locations":[{"start":{"line":17,"column":2},"end":{"line":19,"column":3}},{"start":{},"end":{}}],"line":17},"3":{"loc":{"start":{"line":22,"column":2},"end":{"line":24,"column":3}},"type":"if","locations":[{"start":{"line":22,"column":2},"end":{"line":24,"column":3}},{"start":{},"end":{}}],"line":22},"4":{"loc":{"start":{"line":31,"column":20},"end":{"line":33,"column":25}},"type":"cond-expr","locations":[{"start":{"line":32,"column":8},"end":{"line":32,"column":47}},{"start":{"line":33,"column":8},"end":{"line":33,"column":25}}],"line":31}},"s":{"0":4,"1":4,"2":9,"3":9,"4":9,"5":0,"6":9,"7":0,"8":9,"9":9,"10":0,"11":0,"12":9,"13":9,"14":4},"f":{"0":9},"b":{"0":[9,0],"1":[9,0],"2":[0,9],"3":[0,9],"4":[0,9]},"_coverageSchema":"1a1c01bbd47fc00a2c39e90264f33305004495a9","hash":"69dd11f43abc546eedb39972ed793e2b0c06a858"}
,"/home/vinicius/Downloads/historiando-v2/backend/src/middleware/logAuth.js": {"path":"/home/vinicius/Downloads/historiando-v2/backend/src/middleware/logAuth.js","statementMap":{"0":{"start":{"line":3,"column":13},"end":{"line":3,"column":36}},"1":{"start":{"line":18,"column":2},"end":{"line":25,"column":5}},"2":{"start":{"line":24,"column":4},"end":{"line":24,"column":70}},"3":{"start":{"line":34,"column":20},"end":{"line":34,"column":50}},"4":{"start":{"line":35,"column":2},"end":{"line":35,"column":63}},"5":{"start":{"line":35,"column":17},"end":{"line":35,"column":63}},"6":{"start":{"line":36,"column":2},"end":{"line":36,"column":48}},"7":{"start":{"line":39,"column":0},"end":{"line":39,"column":47}}},"fnMap":{"0":{"name":"logAuthEvent","decl":{"start":{"line":17,"column":9},"end":{"line":17,"column":21}},"loc":{"start":{"line":17,"column":114},"end":{"line":26,"column":1}},"line":17},"1":{"name":"(anonymous_1)","decl":{"start":{"line":23,"column":10},"end":{"line":23,"column":11}},"loc":{"start":{"line":23,"column":19},"end":{"line":25,"column":3}},"line":23},"2":{"name":"getClientIp","decl":{"start":{"line":33,"column":9},"end":{"line":33,"column":20}},"loc":{"start":{"line":33,"column":26},"end":{"line":37,"column":1}},"line":33}},"branchMap":{"0":{"loc":{"start":{"line":17,"column":24},"end":{"line":17,"column":40}},"type":"default-arg","locations":[{"start":{"line":17,"column":36},"end":{"line":17,"column":40}}],"line":17},"1":{"loc":{"start":{"line":17,"column":42},"end":{"line":17,"column":63}},"type":"default-arg","locations":[{"start":{"line":17,"column":59},"end":{"line":17,"column":63}}],"line":17},"2":{"loc":{"start":{"line":17,"column":77},"end":{"line":17,"column":92}},"type":"default-arg","locations":[{"start":{"line":17,"column":88},"end":{"line":17,"column":92}}],"line":17},"3":{"loc":{"start":{"line":17,"column":94},"end":{"line":17,"column":110}},"type":"default-arg","locations":[{"start":{"line":17,"column":106},"end":{"line":17,"column":110}}],"line":17},"4":{"loc":{"start":{"line":35,"column":2},"end":{"line":35,"column":63}},"type":"if","locations":[{"start":{"line":35,"column":2},"end":{"line":35,"column":63}},{"start":{},"end":{}}],"line":35},"5":{"loc":{"start":{"line":36,"column":9},"end":{"line":36,"column":47}},"type":"binary-expr","locations":[{"start":{"line":36,"column":9},"end":{"line":36,"column":34}},{"start":{"line":36,"column":38},"end":{"line":36,"column":47}}],"line":36}},"s":{"0":4,"1":5,"2":0,"3":21,"4":21,"5":0,"6":21,"7":4},"f":{"0":5,"1":0,"2":21},"b":{"0":[5],"1":[0],"2":[0],"3":[0],"4":[0,21],"5":[21,0]},"_coverageSchema":"1a1c01bbd47fc00a2c39e90264f33305004495a9","hash":"d04e6123edda0aa08135db853d3327606e55e5a1"}
,"/home/vinicius/Downloads/historiando-v2/backend/src/middleware/upload.js": {"path":"/home/vinicius/Downloads/historiando-v2/backend/src/middleware/upload.js","statementMap":{"0":{"start":{"line":3,"column":15},"end":{"line":3,"column":32}},"1":{"start":{"line":9,"column":16},"end":{"line":9,"column":38}},"2":{"start":{"line":11,"column":19},"end":{"line":23,"column":1}},"3":{"start":{"line":12,"column":21},"end":{"line":16,"column":3}},"4":{"start":{"line":18,"column":2},"end":{"line":22,"column":3}},"5":{"start":{"line":19,"column":4},"end":{"line":19,"column":19}},"6":{"start":{"line":21,"column":4},"end":{"line":21,"column":90}},"7":{"start":{"line":25,"column":15},"end":{"line":29,"column":2}},"8":{"start":{"line":31,"column":0},"end":{"line":31,"column":24}}},"fnMap":{"0":{"name":"(anonymous_0)","decl":{"start":{"line":11,"column":19},"end":{"line":11,"column":20}},"loc":{"start":{"line":11,"column":38},"end":{"line":23,"column":1}},"line":11}},"branchMap":{"0":{"loc":{"start":{"line":18,"column":2},"end":{"line":22,"column":3}},"type":"if","locations":[{"start":{"line":18,"column":2},"end":{"line":22,"column":3}},{"start":{"line":20,"column":9},"end":{"line":22,"column":3}}],"line":18},"1":{"loc":{"start":{"line":18,"column":6},"end":{"line":18,"column":117}},"type":"binary-expr","locations":[{"start":{"line":18,"column":6},"end":{"line":18,"column":40}},{"start":{"line":18,"column":44},"end":{"line":18,"column":78}},{"start":{"line":18,"column":82},"end":{"line":18,"column":117}}],"line":18}},"s":{"0":4,"1":4,"2":4,"3":0,"4":0,"5":0,"6":0,"7":4,"8":4},"f":{"0":0},"b":{"0":[0,0],"1":[0,0,0]},"_coverageSchema":"1a1c01bbd47fc00a2c39e90264f33305004495a9","hash":"14fff37e865fbabb5f283f80c648966f2ae985ff"}
,"/home/vinicius/Downloads/historiando-v2/backend/src/routes/alunos.js": {"path":"/home/vinicius/Downloads/historiando-v2/backend/src/routes/alunos.js","statementMap":{"0":{"start":{"line":3,"column":21},"end":{"line":3,"column":39}},"1":{"start":{"line":4,"column":21},"end":{"line":4,"column":44}},"2":{"start":{"line":5,"column":21},"end":{"line":5,"column":58}},"3":{"start":{"line":7,"column":15},"end":{"line":7,"column":52}},"4":{"start":{"line":9,"column":0},"end":{"line":9,"column":25}},"5":{"start":{"line":15,"column":19},"end":{"line":18,"column":3}},"6":{"start":{"line":19,"column":2},"end":{"line":19,"column":25}},"7":{"start":{"line":25,"column":0},"end":{"line":52,"column":3}},"8":{"start":{"line":26,"column":22},"end":{"line":26,"column":32}},"9":{"start":{"line":27,"column":20},"end":{"line":27,"column":29}},"10":{"start":{"line":29,"column":16},"end":{"line":29,"column":68}},"11":{"start":{"line":30,"column":2},"end":{"line":30,"column":80}},"12":{"start":{"line":30,"column":14},"end":{"line":30,"column":80}},"13":{"start":{"line":32,"column":2},"end":{"line":51,"column":3}},"14":{"start":{"line":33,"column":14},"end":{"line":36,"column":53}},"15":{"start":{"line":37,"column":19},"end":{"line":37,"column":28}},"16":{"start":{"line":39,"column":4},"end":{"line":42,"column":5}},"17":{"start":{"line":40,"column":6},"end":{"line":40,"column":67}},"18":{"start":{"line":41,"column":6},"end":{"line":41,"column":32}},"19":{"start":{"line":44,"column":4},"end":{"line":44,"column":41}},"20":{"start":{"line":46,"column":21},"end":{"line":46,"column":50}},"21":{"start":{"line":47,"column":4},"end":{"line":47,"column":67}},"22":{"start":{"line":49,"column":4},"end":{"line":49,"column":48}},"23":{"start":{"line":50,"column":4},"end":{"line":50,"column":71}},"24":{"start":{"line":57,"column":0},"end":{"line":108,"column":3}},"25":{"start":{"line":58,"column":22},"end":{"line":58,"column":32}},"26":{"start":{"line":63,"column":6},"end":{"line":63,"column":14}},"27":{"start":{"line":65,"column":2},"end":{"line":67,"column":3}},"28":{"start":{"line":66,"column":4},"end":{"line":66,"column":90}},"29":{"start":{"line":70,"column":2},"end":{"line":72,"column":3}},"30":{"start":{"line":71,"column":4},"end":{"line":71,"column":64}},"31":{"start":{"line":74,"column":16},"end":{"line":74,"column":68}},"32":{"start":{"line":75,"column":2},"end":{"line":75,"column":80}},"33":{"start":{"line":75,"column":14},"end":{"line":75,"column":80}},"34":{"start":{"line":77,"column":2},"end":{"line":107,"column":3}},"35":{"start":{"line":79,"column":34},"end":{"line":82,"column":5}},"36":{"start":{"line":83,"column":4},"end":{"line":85,"column":5}},"37":{"start":{"line":84,"column":6},"end":{"line":84,"column":97}},"38":{"start":{"line":88,"column":16},"end":{"line":91,"column":5}},"39":{"start":{"line":92,"column":4},"end":{"line":94,"column":5}},"40":{"start":{"line":93,"column":6},"end":{"line":93,"column":101}},"41":{"start":{"line":96,"column":30},"end":{"line":101,"column":5}},"42":{"start":{"line":103,"column":4},"end":{"line":103,"column":73}},"43":{"start":{"line":105,"column":4},"end":{"line":105,"column":50}},"44":{"start":{"line":106,"column":4},"end":{"line":106,"column":73}},"45":{"start":{"line":113,"column":0},"end":{"line":152,"column":3}},"46":{"start":{"line":114,"column":26},"end":{"line":114,"column":36}},"47":{"start":{"line":115,"column":99},"end":{"line":115,"column":107}},"48":{"start":{"line":117,"column":16},"end":{"line":117,"column":68}},"49":{"start":{"line":118,"column":2},"end":{"line":118,"column":80}},"50":{"start":{"line":118,"column":14},"end":{"line":118,"column":80}},"51":{"start":{"line":120,"column":2},"end":{"line":151,"column":3}},"52":{"start":{"line":122,"column":4},"end":{"line":130,"column":5}},"53":{"start":{"line":123,"column":18},"end":{"line":126,"column":7}},"54":{"start":{"line":127,"column":6},"end":{"line":129,"column":7}},"55":{"start":{"line":128,"column":8},"end":{"line":128,"column":92}},"56":{"start":{"line":132,"column":21},"end":{"line":144,"column":5}},"57":{"start":{"line":146,"column":4},"end":{"line":146,"column":93}},"58":{"start":{"line":146,"column":27},"end":{"line":146,"column":93}},"59":{"start":{"line":147,"column":4},"end":{"line":147,"column":70}},"60":{"start":{"line":149,"column":4},"end":{"line":149,"column":50}},"61":{"start":{"line":150,"column":4},"end":{"line":150,"column":73}},"62":{"start":{"line":157,"column":0},"end":{"line":174,"column":3}},"63":{"start":{"line":158,"column":26},"end":{"line":158,"column":36}},"64":{"start":{"line":160,"column":16},"end":{"line":160,"column":68}},"65":{"start":{"line":161,"column":2},"end":{"line":161,"column":80}},"66":{"start":{"line":161,"column":14},"end":{"line":161,"column":80}},"67":{"start":{"line":163,"column":2},"end":{"line":173,"column":3}},"68":{"start":{"line":164,"column":19},"end":{"line":167,"column":5}},"69":{"start":{"line":168,"column":4},"end":{"line":168,"column":97}},"70":{"start":{"line":168,"column":31},"end":{"line":168,"column":97}},"71":{"start":{"line":169,"column":4},"end":{"line":169,"column":64}},"72":{"start":{"line":171,"column":4},"end":{"line":171,"column":50}},"73":{"start":{"line":172,"column":4},"end":{"line":172,"column":71}},"74":{"start":{"line":176,"column":0},"end":{"line":176,"column":24}}},"fnMap":{"0":{"name":"verifyTurmaOwnership","decl":{"start":{"line":14,"column":15},"end":{"line":14,"column":35}},"loc":{"start":{"line":14,"column":53},"end":{"line":20,"column":1}},"line":14},"1":{"name":"(anonymous_1)","decl":{"start":{"line":25,"column":16},"end":{"line":25,"column":17}},"loc":{"start":{"line":25,"column":36},"end":{"line":52,"column":1}},"line":25},"2":{"name":"(anonymous_2)","decl":{"start":{"line":57,"column":17},"end":{"line":57,"column":18}},"loc":{"start":{"line":57,"column":37},"end":{"line":108,"column":1}},"line":57},"3":{"name":"(anonymous_3)","decl":{"start":{"line":113,"column":19},"end":{"line":113,"column":20}},"loc":{"start":{"line":113,"column":39},"end":{"line":152,"column":1}},"line":113},"4":{"name":"(anonymous_4)","decl":{"start":{"line":157,"column":22},"end":{"line":157,"column":23}},"loc":{"start":{"line":157,"column":42},"end":{"line":174,"column":1}},"line":157}},"branchMap":{"0":{"loc":{"start":{"line":19,"column":9},"end":{"line":19,"column":24}},"type":"binary-expr","locations":[{"start":{"line":19,"column":9},"end":{"line":19,"column":16}},{"start":{"line":19,"column":20},"end":{"line":19,"column":24}}],"line":19},"1":{"loc":{"start":{"line":30,"column":2},"end":{"line":30,"column":80}},"type":"if","locations":[{"start":{"line":30,"column":2},"end":{"line":30,"column":80}},{"start":{},"end":{}}],"line":30},"2":{"loc":{"start":{"line":39,"column":4},"end":{"line":42,"column":5}},"type":"if","locations":[{"start":{"line":39,"column":4},"end":{"line":42,"column":5}},{"start":{},"end":{}}],"line":39},"3":{"loc":{"start":{"line":61,"column":4},"end":{"line":61,"column":25}},"type":"default-arg","locations":[{"start":{"line":61,"column":21},"end":{"line":61,"column":25}}],"line":61},"4":{"loc":{"start":{"line":62,"column":4},"end":{"line":62,"column":26}},"type":"default-arg","locations":[{"start":{"line":62,"column":22},"end":{"line":62,"column":26}}],"line":62},"5":{"loc":{"start":{"line":62,"column":28},"end":{"line":62,"column":54}},"type":"default-arg","locations":[{"start":{"line":62,"column":50},"end":{"line":62,"column":54}}],"line":62},"6":{"loc":{"start":{"line":65,"column":2},"end":{"line":67,"column":3}},"type":"if","locations":[{"start":{"line":65,"column":2},"end":{"line":67,"column":3}},{"start":{},"end":{}}],"line":65},"7":{"loc":{"start":{"line":65,"column":6},"end":{"line":65,"column":43}},"type":"binary-expr","locations":[{"start":{"line":65,"column":6},"end":{"line":65,"column":19}},{"start":{"line":65,"column":23},"end":{"line":65,"column":33}},{"start":{"line":65,"column":37},"end":{"line":65,"column":43}}],"line":65},"8":{"loc":{"start":{"line":70,"column":2},"end":{"line":72,"column":3}},"type":"if","locations":[{"start":{"line":70,"column":2},"end":{"line":72,"column":3}},{"start":{},"end":{}}],"line":70},"9":{"loc":{"start":{"line":75,"column":2},"end":{"line":75,"column":80}},"type":"if","locations":[{"start":{"line":75,"column":2},"end":{"line":75,"column":80}},{"start":{},"end":{}}],"line":75},"10":{"loc":{"start":{"line":83,"column":4},"end":{"line":85,"column":5}},"type":"if","locations":[{"start":{"line":83,"column":4},"end":{"line":85,"column":5}},{"start":{},"end":{}}],"line":83},"11":{"loc":{"start":{"line":92,"column":4},"end":{"line":94,"column":5}},"type":"if","locations":[{"start":{"line":92,"column":4},"end":{"line":94,"column":5}},{"start":{},"end":{}}],"line":92},"12":{"loc":{"start":{"line":118,"column":2},"end":{"line":118,"column":80}},"type":"if","locations":[{"start":{"line":118,"column":2},"end":{"line":118,"column":80}},{"start":{},"end":{}}],"line":118},"13":{"loc":{"start":{"line":122,"column":4},"end":{"line":130,"column":5}},"type":"if","locations":[{"start":{"line":122,"column":4},"end":{"line":130,"column":5}},{"start":{},"end":{}}],"line":122},"14":{"loc":{"start":{"line":127,"column":6},"end":{"line":129,"column":7}},"type":"if","locations":[{"start":{"line":127,"column":6},"end":{"line":129,"column":7}},{"start":{},"end":{}}],"line":127},"15":{"loc":{"start":{"line":143,"column":7},"end":{"line":143,"column":27}},"type":"binary-expr","locations":[{"start":{"line":143,"column":7},"end":{"line":143,"column":19}},{"start":{"line":143,"column":23},"end":{"line":143,"column":27}}],"line":143},"16":{"loc":{"start":{"line":143,"column":29},"end":{"line":143,"column":46}},"type":"binary-expr","locations":[{"start":{"line":143,"column":29},"end":{"line":143,"column":38}},{"start":{"line":143,"column":42},"end":{"line":143,"column":46}}],"line":143},"17":{"loc":{"start":{"line":143,"column":48},"end":{"line":143,"column":61}},"type":"binary-expr","locations":[{"start":{"line":143,"column":48},"end":{"line":143,"column":53}},{"start":{"line":143,"column":57},"end":{"line":143,"column":61}}],"line":143},"18":{"loc":{"start":{"line":146,"column":4},"end":{"line":146,"column":93}},"type":"if","locations":[{"start":{"line":146,"column":4},"end":{"line":146,"column":93}},{"start":{},"end":{}}],"line":146},"19":{"loc":{"start":{"line":161,"column":2},"end":{"line":161,"column":80}},"type":"if","locations":[{"start":{"line":161,"column":2},"end":{"line":161,"column":80}},{"start":{},"end":{}}],"line":161},"20":{"loc":{"start":{"line":168,"column":4},"end":{"line":168,"column":97}},"type":"if","locations":[{"start":{"line":168,"column":4},"end":{"line":168,"column":97}},{"start":{},"end":{}}],"line":168}},"s":{"0":4,"1":4,"2":4,"3":4,"4":4,"5":0,"6":0,"7":4,"8":0,"9":0,"10":0,"11":0,"12":0,"13":0,"14":0,"15":0,"16":0,"17":0,"18":0,"19":0,"20":0,"21":0,"22":0,"23":0,"24":4,"25":0,"26":0,"27":0,"28":0,"29":0,"30":0,"31":0,"32":0,"33":0,"34":0,"35":0,"36":0,"37":0,"38":0,"39":0,"40":0,"41":0,"42":0,"43":0,"44":0,"45":4,"46":0,"47":0,"48":0,"49":0,"50":0,"51":0,"52":0,"53":0,"54":0,"55":0,"56":0,"57":0,"58":0,"59":0,"60":0,"61":0,"62":4,"63":0,"64":0,"65":0,"66":0,"67":0,"68":0,"69":0,"70":0,"71":0,"72":0,"73":0,"74":4},"f":{"0":0,"1":0,"2":0,"3":0,"4":0},"b":{"0":[0,0],"1":[0,0],"2":[0,0],"3":[0],"4":[0],"5":[0],"6":[0,0],"7":[0,0,0],"8":[0,0],"9":[0,0],"10":[0,0],"11":[0,0],"12":[0,0],"13":[0,0],"14":[0,0],"15":[0,0],"16":[0,0],"17":[0,0],"18":[0,0],"19":[0,0],"20":[0,0]},"_coverageSchema":"1a1c01bbd47fc00a2c39e90264f33305004495a9","hash":"accd7d9a36b3b4ef57b963c7fe32d8eb63e60882"}
,"/home/vinicius/Downloads/historiando-v2/backend/src/routes/auth.js": {"path":"/home/vinicius/Downloads/historiando-v2/backend/src/routes/auth.js","statementMap":{"0":{"start":{"line":3,"column":16},"end":{"line":3,"column":34}},"1":{"start":{"line":4,"column":23},"end":{"line":4,"column":38}},"2":{"start":{"line":5,"column":13},"end":{"line":5,"column":36}},"3":{"start":{"line":6,"column":85},"end":{"line":6,"column":123}},"4":{"start":{"line":7,"column":28},"end":{"line":7,"column":63}},"5":{"start":{"line":8,"column":21},"end":{"line":8,"column":58}},"6":{"start":{"line":9,"column":38},"end":{"line":9,"column":70}},"7":{"start":{"line":11,"column":15},"end":{"line":11,"column":31}},"8":{"start":{"line":16,"column":0},"end":{"line":101,"column":3}},"9":{"start":{"line":17,"column":70},"end":{"line":17,"column":78}},"10":{"start":{"line":18,"column":20},"end":{"line":18,"column":36}},"11":{"start":{"line":19,"column":20},"end":{"line":19,"column":53}},"12":{"start":{"line":22,"column":2},"end":{"line":24,"column":3}},"13":{"start":{"line":23,"column":4},"end":{"line":23,"column":105}},"14":{"start":{"line":27,"column":2},"end":{"line":27,"column":140}},"15":{"start":{"line":27,"column":28},"end":{"line":27,"column":140}},"16":{"start":{"line":28,"column":2},"end":{"line":28,"column":149}},"17":{"start":{"line":28,"column":31},"end":{"line":28,"column":149}},"18":{"start":{"line":29,"column":2},"end":{"line":29,"column":139}},"19":{"start":{"line":29,"column":31},"end":{"line":29,"column":139}},"20":{"start":{"line":30,"column":2},"end":{"line":30,"column":168}},"21":{"start":{"line":30,"column":48},"end":{"line":30,"column":168}},"22":{"start":{"line":32,"column":26},"end":{"line":32,"column":80}},"23":{"start":{"line":33,"column":2},"end":{"line":35,"column":3}},"24":{"start":{"line":33,"column":34},"end":{"line":33,"column":70}},"25":{"start":{"line":34,"column":4},"end":{"line":34,"column":121}},"26":{"start":{"line":37,"column":21},"end":{"line":37,"column":67}},"27":{"start":{"line":38,"column":2},"end":{"line":40,"column":3}},"28":{"start":{"line":39,"column":4},"end":{"line":39,"column":107}},"29":{"start":{"line":42,"column":17},"end":{"line":42,"column":37}},"30":{"start":{"line":43,"column":2},"end":{"line":100,"column":3}},"31":{"start":{"line":44,"column":4},"end":{"line":44,"column":32}},"32":{"start":{"line":47,"column":21},"end":{"line":50,"column":5}},"33":{"start":{"line":52,"column":4},"end":{"line":59,"column":5}},"34":{"start":{"line":53,"column":6},"end":{"line":53,"column":37}},"35":{"start":{"line":54,"column":23},"end":{"line":54,"column":39}},"36":{"start":{"line":55,"column":6},"end":{"line":57,"column":7}},"37":{"start":{"line":56,"column":8},"end":{"line":56,"column":106}},"38":{"start":{"line":58,"column":6},"end":{"line":58,"column":112}},"39":{"start":{"line":62,"column":17},"end":{"line":62,"column":45}},"40":{"start":{"line":65,"column":29},"end":{"line":70,"column":5}},"41":{"start":{"line":73,"column":4},"end":{"line":77,"column":6}},"42":{"start":{"line":79,"column":4},"end":{"line":79,"column":33}},"43":{"start":{"line":82,"column":4},"end":{"line":82,"column":113}},"44":{"start":{"line":84,"column":4},"end":{"line":93,"column":7}},"45":{"start":{"line":95,"column":4},"end":{"line":95,"column":35}},"46":{"start":{"line":96,"column":4},"end":{"line":96,"column":45}},"47":{"start":{"line":97,"column":4},"end":{"line":97,"column":77}},"48":{"start":{"line":99,"column":4},"end":{"line":99,"column":21}},"49":{"start":{"line":106,"column":0},"end":{"line":170,"column":3}},"50":{"start":{"line":107,"column":30},"end":{"line":107,"column":38}},"51":{"start":{"line":108,"column":20},"end":{"line":108,"column":36}},"52":{"start":{"line":109,"column":20},"end":{"line":109,"column":53}},"53":{"start":{"line":111,"column":2},"end":{"line":113,"column":3}},"54":{"start":{"line":112,"column":4},"end":{"line":112,"column":80}},"55":{"start":{"line":115,"column":2},"end":{"line":169,"column":3}},"56":{"start":{"line":117,"column":21},"end":{"line":125,"column":5}},"57":{"start":{"line":127,"column":4},"end":{"line":131,"column":5}},"58":{"start":{"line":128,"column":6},"end":{"line":128,"column":98}},"59":{"start":{"line":130,"column":6},"end":{"line":130,"column":72}},"60":{"start":{"line":133,"column":17},"end":{"line":133,"column":24}},"61":{"start":{"line":135,"column":4},"end":{"line":138,"column":5}},"62":{"start":{"line":136,"column":6},"end":{"line":136,"column":118}},"63":{"start":{"line":137,"column":6},"end":{"line":137,"column":67}},"64":{"start":{"line":140,"column":23},"end":{"line":140,"column":70}},"65":{"start":{"line":141,"column":4},"end":{"line":144,"column":5}},"66":{"start":{"line":142,"column":6},"end":{"line":142,"column":118}},"67":{"start":{"line":143,"column":6},"end":{"line":143,"column":67}},"68":{"start":{"line":147,"column":4},"end":{"line":147,"column":90}},"69":{"start":{"line":150,"column":18},"end":{"line":155,"column":6}},"70":{"start":{"line":157,"column":4},"end":{"line":157,"column":118}},"71":{"start":{"line":159,"column":4},"end":{"line":165,"column":7}},"72":{"start":{"line":167,"column":4},"end":{"line":167,"column":42}},"73":{"start":{"line":168,"column":4},"end":{"line":168,"column":77}},"74":{"start":{"line":175,"column":0},"end":{"line":202,"column":3}},"75":{"start":{"line":176,"column":2},"end":{"line":201,"column":3}},"76":{"start":{"line":177,"column":21},"end":{"line":182,"column":5}},"77":{"start":{"line":184,"column":4},"end":{"line":186,"column":5}},"78":{"start":{"line":185,"column":6},"end":{"line":185,"column":73}},"79":{"start":{"line":187,"column":17},"end":{"line":187,"column":24}},"80":{"start":{"line":188,"column":4},"end":{"line":197,"column":7}},"81":{"start":{"line":199,"column":4},"end":{"line":199,"column":39}},"82":{"start":{"line":200,"column":4},"end":{"line":200,"column":62}},"83":{"start":{"line":207,"column":0},"end":{"line":260,"column":3}},"84":{"start":{"line":208,"column":20},"end":{"line":208,"column":28}},"85":{"start":{"line":209,"column":20},"end":{"line":209,"column":36}},"86":{"start":{"line":210,"column":20},"end":{"line":210,"column":53}},"87":{"start":{"line":212,"column":2},"end":{"line":214,"column":3}},"88":{"start":{"line":213,"column":4},"end":{"line":213,"column":69}},"89":{"start":{"line":217,"column":2},"end":{"line":259,"column":3}},"90":{"start":{"line":218,"column":21},"end":{"line":221,"column":5}},"91":{"start":{"line":223,"column":4},"end":{"line":247,"column":5}},"92":{"start":{"line":224,"column":21},"end":{"line":224,"column":31}},"93":{"start":{"line":227,"column":6},"end":{"line":230,"column":8}},"94":{"start":{"line":232,"column":23},"end":{"line":232,"column":31}},"95":{"start":{"line":233,"column":24},"end":{"line":233,"column":61}},"96":{"start":{"line":235,"column":6},"end":{"line":239,"column":8}},"97":{"start":{"line":241,"column":6},"end":{"line":241,"column":117}},"98":{"start":{"line":245,"column":23},"end":{"line":245,"column":112}},"99":{"start":{"line":246,"column":6},"end":{"line":246,"column":86}},"100":{"start":{"line":250,"column":4},"end":{"line":252,"column":7}},"101":{"start":{"line":254,"column":4},"end":{"line":254,"column":52}},"102":{"start":{"line":256,"column":4},"end":{"line":258,"column":7}},"103":{"start":{"line":265,"column":0},"end":{"line":355,"column":3}},"104":{"start":{"line":266,"column":30},"end":{"line":266,"column":38}},"105":{"start":{"line":268,"column":2},"end":{"line":270,"column":3}},"106":{"start":{"line":269,"column":4},"end":{"line":269,"column":84}},"107":{"start":{"line":272,"column":17},"end":{"line":272,"column":37}},"108":{"start":{"line":273,"column":2},"end":{"line":354,"column":3}},"109":{"start":{"line":274,"column":4},"end":{"line":274,"column":32}},"110":{"start":{"line":277,"column":21},"end":{"line":285,"column":5}},"111":{"start":{"line":287,"column":4},"end":{"line":290,"column":5}},"112":{"start":{"line":288,"column":6},"end":{"line":288,"column":37}},"113":{"start":{"line":289,"column":6},"end":{"line":289,"column":77}},"114":{"start":{"line":292,"column":19},"end":{"line":292,"column":26}},"115":{"start":{"line":294,"column":4},"end":{"line":297,"column":5}},"116":{"start":{"line":295,"column":6},"end":{"line":295,"column":37}},"117":{"start":{"line":296,"column":6},"end":{"line":296,"column":92}},"118":{"start":{"line":299,"column":4},"end":{"line":302,"column":5}},"119":{"start":{"line":300,"column":6},"end":{"line":300,"column":37}},"120":{"start":{"line":301,"column":6},"end":{"line":301,"column":89}},"121":{"start":{"line":305,"column":22},"end":{"line":305,"column":76}},"122":{"start":{"line":306,"column":4},"end":{"line":309,"column":5}},"123":{"start":{"line":307,"column":6},"end":{"line":307,"column":37}},"124":{"start":{"line":308,"column":6},"end":{"line":308,"column":111}},"125":{"start":{"line":312,"column":26},"end":{"line":312,"column":77}},"126":{"start":{"line":313,"column":4},"end":{"line":316,"column":5}},"127":{"start":{"line":314,"column":6},"end":{"line":314,"column":37}},"128":{"start":{"line":315,"column":6},"end":{"line":315,"column":94}},"129":{"start":{"line":318,"column":20},"end":{"line":318,"column":48}},"130":{"start":{"line":321,"column":4},"end":{"line":321,"column":72}},"131":{"start":{"line":324,"column":4},"end":{"line":327,"column":6}},"132":{"start":{"line":328,"column":4},"end":{"line":331,"column":6}},"133":{"start":{"line":334,"column":4},"end":{"line":337,"column":6}},"134":{"start":{"line":340,"column":4},"end":{"line":343,"column":6}},"135":{"start":{"line":345,"column":4},"end":{"line":345,"column":33}},"136":{"start":{"line":347,"column":4},"end":{"line":347,"column":78}},"137":{"start":{"line":349,"column":4},"end":{"line":349,"column":35}},"138":{"start":{"line":350,"column":4},"end":{"line":350,"column":51}},"139":{"start":{"line":351,"column":4},"end":{"line":351,"column":81}},"140":{"start":{"line":353,"column":4},"end":{"line":353,"column":21}},"141":{"start":{"line":360,"column":0},"end":{"line":384,"column":3}},"142":{"start":{"line":361,"column":20},"end":{"line":361,"column":36}},"143":{"start":{"line":362,"column":20},"end":{"line":362,"column":53}},"144":{"start":{"line":364,"column":2},"end":{"line":383,"column":3}},"145":{"start":{"line":366,"column":28},"end":{"line":366,"column":65}},"146":{"start":{"line":367,"column":28},"end":{"line":367,"column":47}},"147":{"start":{"line":368,"column":4},"end":{"line":368,"column":40}},"148":{"start":{"line":371,"column":4},"end":{"line":377,"column":7}},"149":{"start":{"line":379,"column":4},"end":{"line":379,"column":93}},"150":{"start":{"line":381,"column":4},"end":{"line":381,"column":43}},"151":{"start":{"line":382,"column":4},"end":{"line":382,"column":73}},"152":{"start":{"line":389,"column":0},"end":{"line":416,"column":3}},"153":{"start":{"line":390,"column":20},"end":{"line":390,"column":28}},"154":{"start":{"line":391,"column":2},"end":{"line":391,"column":80}},"155":{"start":{"line":391,"column":14},"end":{"line":391,"column":80}},"156":{"start":{"line":393,"column":2},"end":{"line":415,"column":3}},"157":{"start":{"line":394,"column":21},"end":{"line":394,"column":121}},"158":{"start":{"line":395,"column":4},"end":{"line":398,"column":5}},"159":{"start":{"line":397,"column":6},"end":{"line":397,"column":95}},"160":{"start":{"line":400,"column":19},"end":{"line":400,"column":29}},"161":{"start":{"line":401,"column":18},"end":{"line":401,"column":26}},"162":{"start":{"line":402,"column":22},"end":{"line":402,"column":59}},"163":{"start":{"line":404,"column":4},"end":{"line":407,"column":6}},"164":{"start":{"line":409,"column":4},"end":{"line":409,"column":118}},"165":{"start":{"line":412,"column":4},"end":{"line":412,"column":112}},"166":{"start":{"line":414,"column":4},"end":{"line":414,"column":62}},"167":{"start":{"line":421,"column":0},"end":{"line":484,"column":3}},"168":{"start":{"line":422,"column":33},"end":{"line":422,"column":41}},"169":{"start":{"line":423,"column":2},"end":{"line":423,"column":111}},"170":{"start":{"line":423,"column":30},"end":{"line":423,"column":111}},"171":{"start":{"line":426,"column":2},"end":{"line":426,"column":143}},"172":{"start":{"line":426,"column":31},"end":{"line":426,"column":143}},"173":{"start":{"line":427,"column":2},"end":{"line":427,"column":152}},"174":{"start":{"line":427,"column":34},"end":{"line":427,"column":152}},"175":{"start":{"line":428,"column":2},"end":{"line":428,"column":142}},"176":{"start":{"line":428,"column":34},"end":{"line":428,"column":142}},"177":{"start":{"line":429,"column":2},"end":{"line":429,"column":171}},"178":{"start":{"line":429,"column":51},"end":{"line":429,"column":171}},"179":{"start":{"line":431,"column":26},"end":{"line":431,"column":80}},"180":{"start":{"line":432,"column":2},"end":{"line":434,"column":3}},"181":{"start":{"line":432,"column":34},"end":{"line":432,"column":73}},"182":{"start":{"line":433,"column":4},"end":{"line":433,"column":121}},"183":{"start":{"line":436,"column":17},"end":{"line":436,"column":37}},"184":{"start":{"line":437,"column":2},"end":{"line":483,"column":3}},"185":{"start":{"line":438,"column":4},"end":{"line":438,"column":32}},"186":{"start":{"line":441,"column":21},"end":{"line":444,"column":5}},"187":{"start":{"line":446,"column":4},"end":{"line":449,"column":5}},"188":{"start":{"line":447,"column":6},"end":{"line":447,"column":37}},"189":{"start":{"line":448,"column":6},"end":{"line":448,"column":105}},"190":{"start":{"line":451,"column":59},"end":{"line":451,"column":66}},"191":{"start":{"line":453,"column":4},"end":{"line":456,"column":5}},"192":{"start":{"line":454,"column":6},"end":{"line":454,"column":37}},"193":{"start":{"line":455,"column":6},"end":{"line":455,"column":89}},"194":{"start":{"line":459,"column":22},"end":{"line":459,"column":68}},"195":{"start":{"line":460,"column":4},"end":{"line":463,"column":5}},"196":{"start":{"line":461,"column":6},"end":{"line":461,"column":37}},"197":{"start":{"line":462,"column":6},"end":{"line":462,"column":116}},"198":{"start":{"line":466,"column":4},"end":{"line":466,"column":94}},"199":{"start":{"line":469,"column":17},"end":{"line":469,"column":48}},"200":{"start":{"line":470,"column":4},"end":{"line":470,"column":116}},"201":{"start":{"line":471,"column":4},"end":{"line":471,"column":111}},"202":{"start":{"line":474,"column":4},"end":{"line":474,"column":46}},"203":{"start":{"line":476,"column":4},"end":{"line":476,"column":33}},"204":{"start":{"line":477,"column":4},"end":{"line":477,"column":64}},"205":{"start":{"line":479,"column":4},"end":{"line":479,"column":35}},"206":{"start":{"line":480,"column":4},"end":{"line":480,"column":79}},"207":{"start":{"line":482,"column":4},"end":{"line":482,"column":21}},"208":{"start":{"line":486,"column":0},"end":{"line":486,"column":24}}},"fnMap":{"0":{"name":"(anonymous_0)","decl":{"start":{"line":16,"column":25},"end":{"line":16,"column":26}},"loc":{"start":{"line":16,"column":45},"end":{"line":101,"column":1}},"line":16},"1":{"name":"(anonymous_1)","decl":{"start":{"line":33,"column":27},"end":{"line":33,"column":28}},"loc":{"start":{"line":33,"column":34},"end":{"line":33,"column":70}},"line":33},"2":{"name":"(anonymous_2)","decl":{"start":{"line":106,"column":22},"end":{"line":106,"column":23}},"loc":{"start":{"line":106,"column":42},"end":{"line":170,"column":1}},"line":106},"3":{"name":"(anonymous_3)","decl":{"start":{"line":175,"column":32},"end":{"line":175,"column":33}},"loc":{"start":{"line":175,"column":52},"end":{"line":202,"column":1}},"line":175},"4":{"name":"(anonymous_4)","decl":{"start":{"line":207,"column":32},"end":{"line":207,"column":33}},"loc":{"start":{"line":207,"column":52},"end":{"line":260,"column":1}},"line":207},"5":{"name":"(anonymous_5)","decl":{"start":{"line":265,"column":31},"end":{"line":265,"column":32}},"loc":{"start":{"line":265,"column":51},"end":{"line":355,"column":1}},"line":265},"6":{"name":"(anonymous_6)","decl":{"start":{"line":360,"column":37},"end":{"line":360,"column":38}},"loc":{"start":{"line":360,"column":57},"end":{"line":384,"column":1}},"line":360},"7":{"name":"(anonymous_7)","decl":{"start":{"line":389,"column":30},"end":{"line":389,"column":31}},"loc":{"start":{"line":389,"column":50},"end":{"line":416,"column":1}},"line":389},"8":{"name":"(anonymous_8)","decl":{"start":{"line":421,"column":22},"end":{"line":421,"column":23}},"loc":{"start":{"line":421,"column":42},"end":{"line":484,"column":1}},"line":421},"9":{"name":"(anonymous_9)","decl":{"start":{"line":432,"column":27},"end":{"line":432,"column":28}},"loc":{"start":{"line":432,"column":34},"end":{"line":432,"column":73}},"line":432}},"branchMap":{"0":{"loc":{"start":{"line":17,"column":47},"end":{"line":17,"column":65}},"type":"default-arg","locations":[{"start":{"line":17,"column":54},"end":{"line":17,"column":65}}],"line":17},"1":{"loc":{"start":{"line":19,"column":20},"end":{"line":19,"column":53}},"type":"binary-expr","locations":[{"start":{"line":19,"column":20},"end":{"line":19,"column":45}},{"start":{"line":19,"column":49},"end":{"line":19,"column":53}}],"line":19},"2":{"loc":{"start":{"line":22,"column":2},"end":{"line":24,"column":3}},"type":"if","locations":[{"start":{"line":22,"column":2},"end":{"line":24,"column":3}},{"start":{},"end":{}}],"line":22},"3":{"loc":{"start":{"line":22,"column":6},"end":{"line":22,"column":51}},"type":"binary-expr","locations":[{"start":{"line":22,"column":6},"end":{"line":22,"column":15}},{"start":{"line":22,"column":19},"end":{"line":22,"column":25}},{"start":{"line":22,"column":29},"end":{"line":22,"column":38}},{"start":{"line":22,"column":42},"end":{"line":22,"column":51}}],"line":22},"4":{"loc":{"start":{"line":27,"column":2},"end":{"line":27,"column":140}},"type":"if","locations":[{"start":{"line":27,"column":2},"end":{"line":27,"column":140}},{"start":{},"end":{}}],"line":27},"5":{"loc":{"start":{"line":28,"column":2},"end":{"line":28,"column":149}},"type":"if","locations":[{"start":{"line":28,"column":2},"end":{"line":28,"column":149}},{"start":{},"end":{}}],"line":28},"6":{"loc":{"start":{"line":29,"column":2},"end":{"line":29,"column":139}},"type":"if","locations":[{"start":{"line":29,"column":2},"end":{"line":29,"column":139}},{"start":{},"end":{}}],"line":29},"7":{"loc":{"start":{"line":30,"column":2},"end":{"line":30,"column":168}},"type":"if","locations":[{"start":{"line":30,"column":2},"end":{"line":30,"column":168}},{"start":{},"end":{}}],"line":30},"8":{"loc":{"start":{"line":33,"column":2},"end":{"line":35,"column":3}},"type":"if","locations":[{"start":{"line":33,"column":2},"end":{"line":35,"column":3}},{"start":{},"end":{}}],"line":33},"9":{"loc":{"start":{"line":38,"column":2},"end":{"line":40,"column":3}},"type":"if","locations":[{"start":{"line":38,"column":2},"end":{"line":40,"column":3}},{"start":{},"end":{}}],"line":38},"10":{"loc":{"start":{"line":52,"column":4},"end":{"line":59,"column":5}},"type":"if","locations":[{"start":{"line":52,"column":4},"end":{"line":59,"column":5}},{"start":{},"end":{}}],"line":52},"11":{"loc":{"start":{"line":55,"column":6},"end":{"line":57,"column":7}},"type":"if","locations":[{"start":{"line":55,"column":6},"end":{"line":57,"column":7}},{"start":{},"end":{}}],"line":55},"12":{"loc":{"start":{"line":109,"column":20},"end":{"line":109,"column":53}},"type":"binary-expr","locations":[{"start":{"line":109,"column":20},"end":{"line":109,"column":45}},{"start":{"line":109,"column":49},"end":{"line":109,"column":53}}],"line":109},"13":{"loc":{"start":{"line":111,"column":2},"end":{"line":113,"column":3}},"type":"if","locations":[{"start":{"line":111,"column":2},"end":{"line":113,"column":3}},{"start":{},"end":{}}],"line":111},"14":{"loc":{"start":{"line":111,"column":6},"end":{"line":111,"column":25}},"type":"binary-expr","locations":[{"start":{"line":111,"column":6},"end":{"line":111,"column":12}},{"start":{"line":111,"column":16},"end":{"line":111,"column":25}}],"line":111},"15":{"loc":{"start":{"line":127,"column":4},"end":{"line":131,"column":5}},"type":"if","locations":[{"start":{"line":127,"column":4},"end":{"line":131,"column":5}},{"start":{},"end":{}}],"line":127},"16":{"loc":{"start":{"line":135,"column":4},"end":{"line":138,"column":5}},"type":"if","locations":[{"start":{"line":135,"column":4},"end":{"line":138,"column":5}},{"start":{},"end":{}}],"line":135},"17":{"loc":{"start":{"line":141,"column":4},"end":{"line":144,"column":5}},"type":"if","locations":[{"start":{"line":141,"column":4},"end":{"line":144,"column":5}},{"start":{},"end":{}}],"line":141},"18":{"loc":{"start":{"line":184,"column":4},"end":{"line":186,"column":5}},"type":"if","locations":[{"start":{"line":184,"column":4},"end":{"line":186,"column":5}},{"start":{},"end":{}}],"line":184},"19":{"loc":{"start":{"line":210,"column":20},"end":{"line":210,"column":53}},"type":"binary-expr","locations":[{"start":{"line":210,"column":20},"end":{"line":210,"column":45}},{"start":{"line":210,"column":49},"end":{"line":210,"column":53}}],"line":210},"20":{"loc":{"start":{"line":212,"column":2},"end":{"line":214,"column":3}},"type":"if","locations":[{"start":{"line":212,"column":2},"end":{"line":214,"column":3}},{"start":{},"end":{}}],"line":212},"21":{"loc":{"start":{"line":223,"column":4},"end":{"line":247,"column":5}},"type":"if","locations":[{"start":{"line":223,"column":4},"end":{"line":247,"column":5}},{"start":{},"end":{}}],"line":223},"22":{"loc":{"start":{"line":245,"column":26},"end":{"line":245,"column":80}},"type":"binary-expr","locations":[{"start":{"line":245,"column":26},"end":{"line":245,"column":53}},{"start":{"line":245,"column":57},"end":{"line":245,"column":80}}],"line":245},"23":{"loc":{"start":{"line":268,"column":2},"end":{"line":270,"column":3}},"type":"if","locations":[{"start":{"line":268,"column":2},"end":{"line":270,"column":3}},{"start":{},"end":{}}],"line":268},"24":{"loc":{"start":{"line":268,"column":6},"end":{"line":268,"column":25}},"type":"binary-expr","locations":[{"start":{"line":268,"column":6},"end":{"line":268,"column":12}},{"start":{"line":268,"column":16},"end":{"line":268,"column":25}}],"line":268},"25":{"loc":{"start":{"line":287,"column":4},"end":{"line":290,"column":5}},"type":"if","locations":[{"start":{"line":287,"column":4},"end":{"line":290,"column":5}},{"start":{},"end":{}}],"line":287},"26":{"loc":{"start":{"line":294,"column":4},"end":{"line":297,"column":5}},"type":"if","locations":[{"start":{"line":294,"column":4},"end":{"line":297,"column":5}},{"start":{},"end":{}}],"line":294},"27":{"loc":{"start":{"line":299,"column":4},"end":{"line":302,"column":5}},"type":"if","locations":[{"start":{"line":299,"column":4},"end":{"line":302,"column":5}},{"start":{},"end":{}}],"line":299},"28":{"loc":{"start":{"line":306,"column":4},"end":{"line":309,"column":5}},"type":"if","locations":[{"start":{"line":306,"column":4},"end":{"line":309,"column":5}},{"start":{},"end":{}}],"line":306},"29":{"loc":{"start":{"line":313,"column":4},"end":{"line":316,"column":5}},"type":"if","locations":[{"start":{"line":313,"column":4},"end":{"line":316,"column":5}},{"start":{},"end":{}}],"line":313},"30":{"loc":{"start":{"line":362,"column":20},"end":{"line":362,"column":53}},"type":"binary-expr","locations":[{"start":{"line":362,"column":20},"end":{"line":362,"column":45}},{"start":{"line":362,"column":49},"end":{"line":362,"column":53}}],"line":362},"31":{"loc":{"start":{"line":391,"column":2},"end":{"line":391,"column":80}},"type":"if","locations":[{"start":{"line":391,"column":2},"end":{"line":391,"column":80}},{"start":{},"end":{}}],"line":391},"32":{"loc":{"start":{"line":395,"column":4},"end":{"line":398,"column":5}},"type":"if","locations":[{"start":{"line":395,"column":4},"end":{"line":398,"column":5}},{"start":{},"end":{}}],"line":395},"33":{"loc":{"start":{"line":423,"column":2},"end":{"line":423,"column":111}},"type":"if","locations":[{"start":{"line":423,"column":2},"end":{"line":423,"column":111}},{"start":{},"end":{}}],"line":423},"34":{"loc":{"start":{"line":423,"column":6},"end":{"line":423,"column":28}},"type":"binary-expr","locations":[{"start":{"line":423,"column":6},"end":{"line":423,"column":12}},{"start":{"line":423,"column":16},"end":{"line":423,"column":28}}],"line":423},"35":{"loc":{"start":{"line":426,"column":2},"end":{"line":426,"column":143}},"type":"if","locations":[{"start":{"line":426,"column":2},"end":{"line":426,"column":143}},{"start":{},"end":{}}],"line":426},"36":{"loc":{"start":{"line":427,"column":2},"end":{"line":427,"column":152}},"type":"if","locations":[{"start":{"line":427,"column":2},"end":{"line":427,"column":152}},{"start":{},"end":{}}],"line":427},"37":{"loc":{"start":{"line":428,"column":2},"end":{"line":428,"column":142}},"type":"if","locations":[{"start":{"line":428,"column":2},"end":{"line":428,"column":142}},{"start":{},"end":{}}],"line":428},"38":{"loc":{"start":{"line":429,"column":2},"end":{"line":429,"column":171}},"type":"if","locations":[{"start":{"line":429,"column":2},"end":{"line":429,"column":171}},{"start":{},"end":{}}],"line":429},"39":{"loc":{"start":{"line":432,"column":2},"end":{"line":434,"column":3}},"type":"if","locations":[{"start":{"line":432,"column":2},"end":{"line":434,"column":3}},{"start":{},"end":{}}],"line":432},"40":{"loc":{"start":{"line":446,"column":4},"end":{"line":449,"column":5}},"type":"if","locations":[{"start":{"line":446,"column":4},"end":{"line":449,"column":5}},{"start":{},"end":{}}],"line":446},"41":{"loc":{"start":{"line":453,"column":4},"end":{"line":456,"column":5}},"type":"if","locations":[{"start":{"line":453,"column":4},"end":{"line":456,"column":5}},{"start":{},"end":{}}],"line":453},"42":{"loc":{"start":{"line":460,"column":4},"end":{"line":463,"column":5}},"type":"if","locations":[{"start":{"line":460,"column":4},"end":{"line":463,"column":5}},{"start":{},"end":{}}],"line":460}},"s":{"0":4,"1":4,"2":4,"3":4,"4":4,"5":4,"6":4,"7":4,"8":4,"9":16,"10":16,"11":16,"12":16,"13":0,"14":16,"15":1,"16":15,"17":1,"18":14,"19":1,"20":13,"21":1,"22":12,"23":12,"24":48,"25":12,"26":0,"27":0,"28":0,"29":0,"30":0,"31":0,"32":0,"33":0,"34":0,"35":0,"36":0,"37":0,"38":0,"39":0,"40":0,"41":0,"42":0,"43":0,"44":0,"45":0,"46":0,"47":0,"48":0,"49":4,"50":5,"51":5,"52":5,"53":5,"54":0,"55":5,"56":5,"57":5,"58":5,"59":5,"60":0,"61":0,"62":0,"63":0,"64":0,"65":0,"66":0,"67":0,"68":0,"69":0,"70":0,"71":0,"72":0,"73":0,"74":4,"75":0,"76":0,"77":0,"78":0,"79":0,"80":0,"81":0,"82":0,"83":4,"84":0,"85":0,"86":0,"87":0,"88":0,"89":0,"90":0,"91":0,"92":0,"93":0,"94":0,"95":0,"96":0,"97":0,"98":0,"99":0,"100":0,"101":0,"102":0,"103":4,"104":0,"105":0,"106":0,"107":0,"108":0,"109":0,"110":0,"111":0,"112":0,"113":0,"114":0,"115":0,"116":0,"117":0,"118":0,"119":0,"120":0,"121":0,"122":0,"123":0,"124":0,"125":0,"126":0,"127":0,"128":0,"129":0,"130":0,"131":0,"132":0,"133":0,"134":0,"135":0,"136":0,"137":0,"138":0,"139":0,"140":0,"141":4,"142":0,"143":0,"144":0,"145":0,"146":0,"147":0,"148":0,"149":0,"150":0,"151":0,"152":4,"153":2,"154":2,"155":0,"156":2,"157":2,"158":2,"159":2,"160":0,"161":0,"162":0,"163":0,"164":0,"165":0,"166":0,"167":4,"168":3,"169":3,"170":2,"171":1,"172":0,"173":1,"174":0,"175":1,"176":0,"177":1,"178":0,"179":1,"180":1,"181":5,"182":0,"183":1,"184":1,"185":1,"186":1,"187":1,"188":1,"189":1,"190":0,"191":0,"192":0,"193":0,"194":0,"195":0,"196":0,"197":0,"198":0,"199":0,"200":0,"201":0,"202":0,"203":0,"204":0,"205":0,"206":0,"207":1,"208":4},"f":{"0":16,"1":48,"2":5,"3":0,"4":0,"5":0,"6":0,"7":2,"8":3,"9":5},"b":{"0":[0],"1":[16,16],"2":[0,16],"3":[16,16,16,16],"4":[1,15],"5":[1,14],"6":[1,13],"7":[1,12],"8":[12,0],"9":[0,0],"10":[0,0],"11":[0,0],"12":[5,5],"13":[0,5],"14":[5,5],"15":[5,0],"16":[0,0],"17":[0,0],"18":[0,0],"19":[0,0],"20":[0,0],"21":[0,0],"22":[0,0],"23":[0,0],"24":[0,0],"25":[0,0],"26":[0,0],"27":[0,0],"28":[0,0],"29":[0,0],"30":[0,0],"31":[0,2],"32":[2,0],"33":[2,1],"34":[3,1],"35":[0,1],"36":[0,1],"37":[0,1],"38":[0,1],"39":[0,1],"40":[1,0],"41":[0,0],"42":[0,0]},"_coverageSchema":"1a1c01bbd47fc00a2c39e90264f33305004495a9","hash":"2b61d26c2d9e45fb2fb40cc9d60da67f3c22e506"}
,"/home/vinicius/Downloads/historiando-v2/backend/src/routes/presencas.js": {"path":"/home/vinicius/Downloads/historiando-v2/backend/src/routes/presencas.js","statementMap":{"0":{"start":{"line":3,"column":21},"end":{"line":3,"column":39}},"1":{"start":{"line":4,"column":21},"end":{"line":4,"column":44}},"2":{"start":{"line":5,"column":21},"end":{"line":5,"column":58}},"3":{"start":{"line":7,"column":15},"end":{"line":7,"column":31}},"4":{"start":{"line":8,"column":0},"end":{"line":8,"column":25}},"5":{"start":{"line":13,"column":0},"end":{"line":44,"column":3}},"6":{"start":{"line":14,"column":28},"end":{"line":14,"column":37}},"7":{"start":{"line":16,"column":2},"end":{"line":18,"column":3}},"8":{"start":{"line":17,"column":4},"end":{"line":17,"column":81}},"9":{"start":{"line":20,"column":2},"end":{"line":43,"column":3}},"10":{"start":{"line":22,"column":28},"end":{"line":25,"column":5}},"11":{"start":{"line":26,"column":4},"end":{"line":26,"column":94}},"12":{"start":{"line":26,"column":28},"end":{"line":26,"column":94}},"13":{"start":{"line":29,"column":21},"end":{"line":37,"column":5}},"14":{"start":{"line":39,"column":4},"end":{"line":39,"column":41}},"15":{"start":{"line":41,"column":4},"end":{"line":41,"column":50}},"16":{"start":{"line":42,"column":4},"end":{"line":42,"column":74}},"17":{"start":{"line":50,"column":0},"end":{"line":98,"column":3}},"18":{"start":{"line":51,"column":39},"end":{"line":51,"column":47}},"19":{"start":{"line":53,"column":2},"end":{"line":55,"column":3}},"20":{"start":{"line":54,"column":4},"end":{"line":54,"column":94}},"21":{"start":{"line":57,"column":24},"end":{"line":57,"column":62}},"22":{"start":{"line":58,"column":2},"end":{"line":62,"column":3}},"23":{"start":{"line":59,"column":4},"end":{"line":61,"column":5}},"24":{"start":{"line":60,"column":6},"end":{"line":60,"column":137}},"25":{"start":{"line":64,"column":2},"end":{"line":97,"column":3}},"26":{"start":{"line":66,"column":28},"end":{"line":69,"column":5}},"27":{"start":{"line":70,"column":4},"end":{"line":70,"column":94}},"28":{"start":{"line":70,"column":28},"end":{"line":70,"column":94}},"29":{"start":{"line":72,"column":19},"end":{"line":72,"column":39}},"30":{"start":{"line":73,"column":4},"end":{"line":93,"column":5}},"31":{"start":{"line":74,"column":6},"end":{"line":74,"column":34}},"32":{"start":{"line":76,"column":6},"end":{"line":84,"column":7}},"33":{"start":{"line":77,"column":8},"end":{"line":83,"column":10}},"34":{"start":{"line":86,"column":6},"end":{"line":86,"column":35}},"35":{"start":{"line":87,"column":6},"end":{"line":87,"column":90}},"36":{"start":{"line":89,"column":6},"end":{"line":89,"column":37}},"37":{"start":{"line":90,"column":6},"end":{"line":90,"column":16}},"38":{"start":{"line":92,"column":6},"end":{"line":92,"column":23}},"39":{"start":{"line":95,"column":4},"end":{"line":95,"column":51}},"40":{"start":{"line":96,"column":4},"end":{"line":96,"column":72}},"41":{"start":{"line":104,"column":0},"end":{"line":242,"column":3}},"42":{"start":{"line":105,"column":28},"end":{"line":105,"column":37}},"43":{"start":{"line":107,"column":2},"end":{"line":107,"column":83}},"44":{"start":{"line":107,"column":16},"end":{"line":107,"column":83}},"45":{"start":{"line":109,"column":18},"end":{"line":109,"column":36}},"46":{"start":{"line":111,"column":2},"end":{"line":241,"column":3}},"47":{"start":{"line":113,"column":32},"end":{"line":116,"column":5}},"48":{"start":{"line":117,"column":4},"end":{"line":117,"column":98}},"49":{"start":{"line":117,"column":32},"end":{"line":117,"column":98}},"50":{"start":{"line":118,"column":46},"end":{"line":118,"column":58}},"51":{"start":{"line":122,"column":14},"end":{"line":128,"column":5}},"52":{"start":{"line":130,"column":23},"end":{"line":130,"column":68}},"53":{"start":{"line":131,"column":29},"end":{"line":131,"column":73}},"54":{"start":{"line":134,"column":21},"end":{"line":134,"column":43}},"55":{"start":{"line":135,"column":4},"end":{"line":135,"column":37}},"56":{"start":{"line":136,"column":18},"end":{"line":136,"column":50}},"57":{"start":{"line":139,"column":4},"end":{"line":139,"column":42}},"58":{"start":{"line":142,"column":4},"end":{"line":142,"column":30}},"59":{"start":{"line":143,"column":23},"end":{"line":143,"column":42}},"60":{"start":{"line":144,"column":4},"end":{"line":144,"column":62}},"61":{"start":{"line":145,"column":4},"end":{"line":145,"column":91}},"62":{"start":{"line":146,"column":4},"end":{"line":146,"column":91}},"63":{"start":{"line":147,"column":4},"end":{"line":147,"column":72}},"64":{"start":{"line":150,"column":4},"end":{"line":150,"column":41}},"65":{"start":{"line":151,"column":4},"end":{"line":151,"column":42}},"66":{"start":{"line":152,"column":4},"end":{"line":152,"column":40}},"67":{"start":{"line":153,"column":4},"end":{"line":153,"column":74}},"68":{"start":{"line":154,"column":4},"end":{"line":154,"column":41}},"69":{"start":{"line":155,"column":4},"end":{"line":155,"column":99}},"70":{"start":{"line":156,"column":4},"end":{"line":156,"column":41}},"71":{"start":{"line":157,"column":4},"end":{"line":157,"column":52}},"72":{"start":{"line":159,"column":4},"end":{"line":161,"column":7}},"73":{"start":{"line":160,"column":6},"end":{"line":160,"column":57}},"74":{"start":{"line":164,"column":4},"end":{"line":164,"column":93}},"75":{"start":{"line":165,"column":4},"end":{"line":165,"column":96}},"76":{"start":{"line":166,"column":4},"end":{"line":166,"column":96}},"77":{"start":{"line":167,"column":4},"end":{"line":167,"column":57}},"78":{"start":{"line":169,"column":4},"end":{"line":175,"column":6}},"79":{"start":{"line":177,"column":20},"end":{"line":177,"column":21}},"80":{"start":{"line":177,"column":34},"end":{"line":177,"column":35}},"81":{"start":{"line":177,"column":48},"end":{"line":177,"column":49}},"82":{"start":{"line":179,"column":4},"end":{"line":217,"column":7}},"83":{"start":{"line":180,"column":21},"end":{"line":180,"column":26}},"84":{"start":{"line":181,"column":26},"end":{"line":181,"column":67}},"85":{"start":{"line":183,"column":18},"end":{"line":189,"column":8}},"86":{"start":{"line":191,"column":6},"end":{"line":191,"column":45}},"87":{"start":{"line":193,"column":25},"end":{"line":193,"column":46}},"88":{"start":{"line":194,"column":6},"end":{"line":194,"column":74}},"89":{"start":{"line":195,"column":6},"end":{"line":195,"column":64}},"90":{"start":{"line":197,"column":6},"end":{"line":209,"column":7}},"91":{"start":{"line":198,"column":8},"end":{"line":198,"column":20}},"92":{"start":{"line":199,"column":8},"end":{"line":199,"column":95}},"93":{"start":{"line":200,"column":8},"end":{"line":200,"column":53}},"94":{"start":{"line":201,"column":13},"end":{"line":209,"column":7}},"95":{"start":{"line":202,"column":8},"end":{"line":202,"column":19}},"96":{"start":{"line":203,"column":8},"end":{"line":203,"column":95}},"97":{"start":{"line":204,"column":8},"end":{"line":204,"column":53}},"98":{"start":{"line":205,"column":13},"end":{"line":209,"column":7}},"99":{"start":{"line":206,"column":8},"end":{"line":206,"column":19}},"100":{"start":{"line":207,"column":8},"end":{"line":207,"column":95}},"101":{"start":{"line":208,"column":8},"end":{"line":208,"column":53}},"102":{"start":{"line":212,"column":6},"end":{"line":216,"column":9}},"103":{"start":{"line":213,"column":8},"end":{"line":215,"column":10}},"104":{"start":{"line":220,"column":20},"end":{"line":220,"column":38}},"105":{"start":{"line":221,"column":19},"end":{"line":223,"column":6}},"106":{"start":{"line":224,"column":4},"end":{"line":224,"column":60}},"107":{"start":{"line":225,"column":4},"end":{"line":225,"column":99}},"108":{"start":{"line":226,"column":4},"end":{"line":226,"column":61}},"109":{"start":{"line":229,"column":21},"end":{"line":229,"column":31}},"110":{"start":{"line":230,"column":22},"end":{"line":230,"column":60}},"111":{"start":{"line":231,"column":21},"end":{"line":231,"column":60}},"112":{"start":{"line":233,"column":4},"end":{"line":233,"column":79}},"113":{"start":{"line":234,"column":4},"end":{"line":234,"column":103}},"114":{"start":{"line":236,"column":4},"end":{"line":236,"column":35}},"115":{"start":{"line":237,"column":4},"end":{"line":237,"column":14}},"116":{"start":{"line":239,"column":4},"end":{"line":239,"column":45}},"117":{"start":{"line":240,"column":4},"end":{"line":240,"column":72}},"118":{"start":{"line":244,"column":0},"end":{"line":244,"column":24}}},"fnMap":{"0":{"name":"(anonymous_0)","decl":{"start":{"line":13,"column":16},"end":{"line":13,"column":17}},"loc":{"start":{"line":13,"column":36},"end":{"line":44,"column":1}},"line":13},"1":{"name":"(anonymous_1)","decl":{"start":{"line":50,"column":17},"end":{"line":50,"column":18}},"loc":{"start":{"line":50,"column":37},"end":{"line":98,"column":1}},"line":50},"2":{"name":"(anonymous_2)","decl":{"start":{"line":104,"column":24},"end":{"line":104,"column":25}},"loc":{"start":{"line":104,"column":44},"end":{"line":242,"column":1}},"line":104},"3":{"name":"(anonymous_3)","decl":{"start":{"line":159,"column":32},"end":{"line":159,"column":33}},"loc":{"start":{"line":159,"column":39},"end":{"line":161,"column":5}},"line":159},"4":{"name":"(anonymous_4)","decl":{"start":{"line":179,"column":19},"end":{"line":179,"column":20}},"loc":{"start":{"line":179,"column":29},"end":{"line":217,"column":5}},"line":179},"5":{"name":"(anonymous_5)","decl":{"start":{"line":212,"column":43},"end":{"line":212,"column":44}},"loc":{"start":{"line":212,"column":53},"end":{"line":216,"column":7}},"line":212}},"branchMap":{"0":{"loc":{"start":{"line":16,"column":2},"end":{"line":18,"column":3}},"type":"if","locations":[{"start":{"line":16,"column":2},"end":{"line":18,"column":3}},{"start":{},"end":{}}],"line":16},"1":{"loc":{"start":{"line":16,"column":6},"end":{"line":16,"column":23}},"type":"binary-expr","locations":[{"start":{"line":16,"column":6},"end":{"line":16,"column":14}},{"start":{"line":16,"column":18},"end":{"line":16,"column":23}}],"line":16},"2":{"loc":{"start":{"line":26,"column":4},"end":{"line":26,"column":94}},"type":"if","locations":[{"start":{"line":26,"column":4},"end":{"line":26,"column":94}},{"start":{},"end":{}}],"line":26},"3":{"loc":{"start":{"line":53,"column":2},"end":{"line":55,"column":3}},"type":"if","locations":[{"start":{"line":53,"column":2},"end":{"line":55,"column":3}},{"start":{},"end":{}}],"line":53},"4":{"loc":{"start":{"line":53,"column":6},"end":{"line":53,"column":78}},"type":"binary-expr","locations":[{"start":{"line":53,"column":6},"end":{"line":53,"column":14}},{"start":{"line":53,"column":18},"end":{"line":53,"column":23}},{"start":{"line":53,"column":27},"end":{"line":53,"column":52}},{"start":{"line":53,"column":56},"end":{"line":53,"column":78}}],"line":53},"5":{"loc":{"start":{"line":59,"column":4},"end":{"line":61,"column":5}},"type":"if","locations":[{"start":{"line":59,"column":4},"end":{"line":61,"column":5}},{"start":{},"end":{}}],"line":59},"6":{"loc":{"start":{"line":59,"column":8},"end":{"line":59,"column":55}},"type":"binary-expr","locations":[{"start":{"line":59,"column":8},"end":{"line":59,"column":18}},{"start":{"line":59,"column":22},"end":{"line":59,"column":55}}],"line":59},"7":{"loc":{"start":{"line":60,"column":75},"end":{"line":60,"column":91}},"type":"binary-expr","locations":[{"start":{"line":60,"column":75},"end":{"line":60,"column":84}},{"start":{"line":60,"column":88},"end":{"line":60,"column":91}}],"line":60},"8":{"loc":{"start":{"line":70,"column":4},"end":{"line":70,"column":94}},"type":"if","locations":[{"start":{"line":70,"column":4},"end":{"line":70,"column":94}},{"start":{},"end":{}}],"line":70},"9":{"loc":{"start":{"line":82,"column":47},"end":{"line":82,"column":68}},"type":"binary-expr","locations":[{"start":{"line":82,"column":47},"end":{"line":82,"column":60}},{"start":{"line":82,"column":64},"end":{"line":82,"column":68}}],"line":82},"10":{"loc":{"start":{"line":107,"column":2},"end":{"line":107,"column":83}},"type":"if","locations":[{"start":{"line":107,"column":2},"end":{"line":107,"column":83}},{"start":{},"end":{}}],"line":107},"11":{"loc":{"start":{"line":117,"column":4},"end":{"line":117,"column":98}},"type":"if","locations":[{"start":{"line":117,"column":4},"end":{"line":117,"column":98}},{"start":{},"end":{}}],"line":117},"12":{"loc":{"start":{"line":130,"column":23},"end":{"line":130,"column":68}},"type":"binary-expr","locations":[{"start":{"line":130,"column":23},"end":{"line":130,"column":27}},{"start":{"line":130,"column":31},"end":{"line":130,"column":68}}],"line":130},"13":{"loc":{"start":{"line":181,"column":26},"end":{"line":181,"column":67}},"type":"cond-expr","locations":[{"start":{"line":181,"column":37},"end":{"line":181,"column":59}},{"start":{"line":181,"column":62},"end":{"line":181,"column":67}}],"line":181},"14":{"loc":{"start":{"line":188,"column":13},"end":{"line":188,"column":32}},"type":"binary-expr","locations":[{"start":{"line":188,"column":13},"end":{"line":188,"column":26}},{"start":{"line":188,"column":30},"end":{"line":188,"column":32}}],"line":188},"15":{"loc":{"start":{"line":197,"column":6},"end":{"line":209,"column":7}},"type":"if","locations":[{"start":{"line":197,"column":6},"end":{"line":209,"column":7}},{"start":{"line":201,"column":13},"end":{"line":209,"column":7}}],"line":197},"16":{"loc":{"start":{"line":201,"column":13},"end":{"line":209,"column":7}},"type":"if","locations":[{"start":{"line":201,"column":13},"end":{"line":209,"column":7}},{"start":{"line":205,"column":13},"end":{"line":209,"column":7}}],"line":201},"17":{"loc":{"start":{"line":205,"column":13},"end":{"line":209,"column":7}},"type":"if","locations":[{"start":{"line":205,"column":13},"end":{"line":209,"column":7}},{"start":{},"end":{}}],"line":205}},"s":{"0":4,"1":4,"2":4,"3":4,"4":4,"5":4,"6":0,"7":0,"8":0,"9":0,"10":0,"11":0,"12":0,"13":0,"14":0,"15":0,"16":0,"17":4,"18":0,"19":0,"20":0,"21":0,"22":0,"23":0,"24":0,"25":0,"26":0,"27":0,"28":0,"29":0,"30":0,"31":0,"32":0,"33":0,"34":0,"35":0,"36":0,"37":0,"38":0,"39":0,"40":0,"41":4,"42":0,"43":0,"44":0,"45":0,"46":0,"47":0,"48":0,"49":0,"50":0,"51":0,"52":0,"53":0,"54":0,"55":0,"56":0,"57":0,"58":0,"59":0,"60":0,"61":0,"62":0,"63":0,"64":0,"65":0,"66":0,"67":0,"68":0,"69":0,"70":0,"71":0,"72":0,"73":0,"74":0,"75":0,"76":0,"77":0,"78":0,"79":0,"80":0,"81":0,"82":0,"83":0,"84":0,"85":0,"86":0,"87":0,"88":0,"89":0,"90":0,"91":0,"92":0,"93":0,"94":0,"95":0,"96":0,"97":0,"98":0,"99":0,"100":0,"101":0,"102":0,"103":0,"104":0,"105":0,"106":0,"107":0,"108":0,"109":0,"110":0,"111":0,"112":0,"113":0,"114":0,"115":0,"116":0,"117":0,"118":4},"f":{"0":0,"1":0,"2":0,"3":0,"4":0,"5":0},"b":{"0":[0,0],"1":[0,0],"2":[0,0],"3":[0,0],"4":[0,0,0,0],"5":[0,0],"6":[0,0],"7":[0,0],"8":[0,0],"9":[0,0],"10":[0,0],"11":[0,0],"12":[0,0],"13":[0,0],"14":[0,0],"15":[0,0],"16":[0,0],"17":[0,0]},"_coverageSchema":"1a1c01bbd47fc00a2c39e90264f33305004495a9","hash":"be6fe92d38740c02d3cc91ff6b83bdedce8f6a35"}
,"/home/vinicius/Downloads/historiando-v2/backend/src/routes/turmas.js": {"path":"/home/vinicius/Downloads/historiando-v2/backend/src/routes/turmas.js","statementMap":{"0":{"start":{"line":3,"column":21},"end":{"line":3,"column":39}},"1":{"start":{"line":4,"column":21},"end":{"line":4,"column":44}},"2":{"start":{"line":5,"column":21},"end":{"line":5,"column":58}},"3":{"start":{"line":6,"column":21},"end":{"line":6,"column":52}},"4":{"start":{"line":7,"column":51},"end":{"line":7,"column":88}},"5":{"start":{"line":9,"column":15},"end":{"line":9,"column":31}},"6":{"start":{"line":12,"column":0},"end":{"line":12,"column":25}},"7":{"start":{"line":17,"column":0},"end":{"line":27,"column":3}},"8":{"start":{"line":18,"column":2},"end":{"line":26,"column":3}},"9":{"start":{"line":19,"column":19},"end":{"line":19,"column":43}},"10":{"start":{"line":20,"column":4},"end":{"line":20,"column":98}},"11":{"start":{"line":21,"column":4},"end":{"line":21,"column":103}},"12":{"start":{"line":22,"column":4},"end":{"line":22,"column":21}},"13":{"start":{"line":24,"column":4},"end":{"line":24,"column":44}},"14":{"start":{"line":25,"column":4},"end":{"line":25,"column":65}},"15":{"start":{"line":32,"column":0},"end":{"line":53,"column":3}},"16":{"start":{"line":33,"column":2},"end":{"line":33,"column":84}},"17":{"start":{"line":33,"column":17},"end":{"line":33,"column":84}},"18":{"start":{"line":35,"column":2},"end":{"line":52,"column":3}},"19":{"start":{"line":36,"column":30},"end":{"line":36,"column":84}},"20":{"start":{"line":39,"column":19},"end":{"line":42,"column":5}},"21":{"start":{"line":44,"column":4},"end":{"line":47,"column":5}},"22":{"start":{"line":45,"column":6},"end":{"line":45,"column":133}},"23":{"start":{"line":46,"column":6},"end":{"line":46,"column":27}},"24":{"start":{"line":49,"column":4},"end":{"line":49,"column":39}},"25":{"start":{"line":51,"column":4},"end":{"line":51,"column":58}},"26":{"start":{"line":58,"column":0},"end":{"line":106,"column":3}},"27":{"start":{"line":59,"column":28},"end":{"line":59,"column":36}},"28":{"start":{"line":60,"column":2},"end":{"line":62,"column":3}},"29":{"start":{"line":61,"column":4},"end":{"line":61,"column":100}},"30":{"start":{"line":64,"column":17},"end":{"line":64,"column":37}},"31":{"start":{"line":65,"column":2},"end":{"line":105,"column":3}},"32":{"start":{"line":66,"column":4},"end":{"line":66,"column":32}},"33":{"start":{"line":68,"column":19},"end":{"line":71,"column":5}},"34":{"start":{"line":72,"column":4},"end":{"line":74,"column":5}},"35":{"start":{"line":73,"column":6},"end":{"line":73,"column":78}},"36":{"start":{"line":76,"column":26},"end":{"line":80,"column":5}},"37":{"start":{"line":81,"column":20},"end":{"line":81,"column":24}},"38":{"start":{"line":83,"column":27},"end":{"line":83,"column":36}},"39":{"start":{"line":84,"column":4},"end":{"line":95,"column":5}},"40":{"start":{"line":85,"column":6},"end":{"line":87,"column":7}},"41":{"start":{"line":86,"column":9},"end":{"line":86,"column":76}},"42":{"start":{"line":88,"column":6},"end":{"line":88,"column":40}},"43":{"start":{"line":90,"column":6},"end":{"line":94,"column":8}},"44":{"start":{"line":97,"column":4},"end":{"line":97,"column":33}},"45":{"start":{"line":98,"column":4},"end":{"line":98,"column":86}},"46":{"start":{"line":100,"column":4},"end":{"line":100,"column":35}},"47":{"start":{"line":101,"column":4},"end":{"line":101,"column":51}},"48":{"start":{"line":102,"column":4},"end":{"line":102,"column":105}},"49":{"start":{"line":104,"column":4},"end":{"line":104,"column":21}},"50":{"start":{"line":111,"column":0},"end":{"line":130,"column":3}},"51":{"start":{"line":112,"column":2},"end":{"line":129,"column":3}},"52":{"start":{"line":113,"column":21},"end":{"line":123,"column":5}},"53":{"start":{"line":125,"column":4},"end":{"line":125,"column":38}},"54":{"start":{"line":127,"column":4},"end":{"line":127,"column":48}},"55":{"start":{"line":128,"column":4},"end":{"line":128,"column":71}},"56":{"start":{"line":135,"column":0},"end":{"line":181,"column":3}},"57":{"start":{"line":136,"column":80},"end":{"line":136,"column":88}},"58":{"start":{"line":138,"column":2},"end":{"line":140,"column":3}},"59":{"start":{"line":139,"column":4},"end":{"line":139,"column":79}},"60":{"start":{"line":142,"column":22},"end":{"line":142,"column":95}},"61":{"start":{"line":143,"column":2},"end":{"line":145,"column":3}},"62":{"start":{"line":144,"column":4},"end":{"line":144,"column":64}},"63":{"start":{"line":147,"column":22},"end":{"line":147,"column":59}},"64":{"start":{"line":148,"column":2},"end":{"line":150,"column":3}},"65":{"start":{"line":149,"column":4},"end":{"line":149,"column":64}},"66":{"start":{"line":152,"column":2},"end":{"line":154,"column":3}},"67":{"start":{"line":153,"column":4},"end":{"line":153,"column":88}},"68":{"start":{"line":156,"column":2},"end":{"line":180,"column":3}},"69":{"start":{"line":158,"column":21},"end":{"line":161,"column":5}},"70":{"start":{"line":162,"column":4},"end":{"line":164,"column":5}},"71":{"start":{"line":163,"column":6},"end":{"line":163,"column":90}},"72":{"start":{"line":166,"column":30},"end":{"line":171,"column":5}},"73":{"start":{"line":173,"column":4},"end":{"line":176,"column":7}},"74":{"start":{"line":178,"column":4},"end":{"line":178,"column":50}},"75":{"start":{"line":179,"column":4},"end":{"line":179,"column":69}},"76":{"start":{"line":186,"column":0},"end":{"line":229,"column":3}},"77":{"start":{"line":187,"column":17},"end":{"line":187,"column":27}},"78":{"start":{"line":188,"column":55},"end":{"line":188,"column":63}},"79":{"start":{"line":190,"column":2},"end":{"line":228,"column":3}},"80":{"start":{"line":192,"column":28},"end":{"line":195,"column":5}},"81":{"start":{"line":196,"column":4},"end":{"line":198,"column":5}},"82":{"start":{"line":197,"column":6},"end":{"line":197,"column":72}},"83":{"start":{"line":201,"column":4},"end":{"line":209,"column":5}},"84":{"start":{"line":202,"column":18},"end":{"line":205,"column":7}},"85":{"start":{"line":206,"column":6},"end":{"line":208,"column":7}},"86":{"start":{"line":207,"column":8},"end":{"line":207,"column":94}},"87":{"start":{"line":211,"column":30},"end":{"line":222,"column":5}},"88":{"start":{"line":224,"column":4},"end":{"line":224,"column":61}},"89":{"start":{"line":226,"column":4},"end":{"line":226,"column":50}},"90":{"start":{"line":227,"column":4},"end":{"line":227,"column":73}},"91":{"start":{"line":234,"column":0},"end":{"line":252,"column":3}},"92":{"start":{"line":235,"column":17},"end":{"line":235,"column":27}},"93":{"start":{"line":237,"column":2},"end":{"line":251,"column":3}},"94":{"start":{"line":238,"column":19},"end":{"line":241,"column":5}},"95":{"start":{"line":243,"column":4},"end":{"line":245,"column":5}},"96":{"start":{"line":244,"column":6},"end":{"line":244,"column":72}},"97":{"start":{"line":247,"column":4},"end":{"line":247,"column":64}},"98":{"start":{"line":249,"column":4},"end":{"line":249,"column":50}},"99":{"start":{"line":250,"column":4},"end":{"line":250,"column":71}},"100":{"start":{"line":254,"column":0},"end":{"line":254,"column":24}}},"fnMap":{"0":{"name":"(anonymous_0)","decl":{"start":{"line":17,"column":31},"end":{"line":17,"column":32}},"loc":{"start":{"line":17,"column":45},"end":{"line":27,"column":1}},"line":17},"1":{"name":"(anonymous_1)","decl":{"start":{"line":32,"column":55},"end":{"line":32,"column":56}},"loc":{"start":{"line":32,"column":75},"end":{"line":53,"column":1}},"line":32},"2":{"name":"(anonymous_2)","decl":{"start":{"line":58,"column":31},"end":{"line":58,"column":32}},"loc":{"start":{"line":58,"column":51},"end":{"line":106,"column":1}},"line":58},"3":{"name":"(anonymous_3)","decl":{"start":{"line":111,"column":16},"end":{"line":111,"column":17}},"loc":{"start":{"line":111,"column":36},"end":{"line":130,"column":1}},"line":111},"4":{"name":"(anonymous_4)","decl":{"start":{"line":135,"column":17},"end":{"line":135,"column":18}},"loc":{"start":{"line":135,"column":37},"end":{"line":181,"column":1}},"line":135},"5":{"name":"(anonymous_5)","decl":{"start":{"line":186,"column":19},"end":{"line":186,"column":20}},"loc":{"start":{"line":186,"column":39},"end":{"line":229,"column":1}},"line":186},"6":{"name":"(anonymous_6)","decl":{"start":{"line":234,"column":22},"end":{"line":234,"column":23}},"loc":{"start":{"line":234,"column":42},"end":{"line":252,"column":1}},"line":234}},"branchMap":{"0":{"loc":{"start":{"line":33,"column":2},"end":{"line":33,"column":84}},"type":"if","locations":[{"start":{"line":33,"column":2},"end":{"line":33,"column":84}},{"start":{},"end":{}}],"line":33},"1":{"loc":{"start":{"line":44,"column":4},"end":{"line":47,"column":5}},"type":"if","locations":[{"start":{"line":44,"column":4},"end":{"line":47,"column":5}},{"start":{},"end":{}}],"line":44},"2":{"loc":{"start":{"line":60,"column":2},"end":{"line":62,"column":3}},"type":"if","locations":[{"start":{"line":60,"column":2},"end":{"line":62,"column":3}},{"start":{},"end":{}}],"line":60},"3":{"loc":{"start":{"line":60,"column":6},"end":{"line":60,"column":49}},"type":"binary-expr","locations":[{"start":{"line":60,"column":6},"end":{"line":60,"column":12}},{"start":{"line":60,"column":16},"end":{"line":60,"column":23}},{"start":{"line":60,"column":27},"end":{"line":60,"column":49}}],"line":60},"4":{"loc":{"start":{"line":72,"column":4},"end":{"line":74,"column":5}},"type":"if","locations":[{"start":{"line":72,"column":4},"end":{"line":74,"column":5}},{"start":{},"end":{}}],"line":72},"5":{"loc":{"start":{"line":79,"column":71},"end":{"line":79,"column":92}},"type":"binary-expr","locations":[{"start":{"line":79,"column":71},"end":{"line":79,"column":86}},{"start":{"line":79,"column":90},"end":{"line":79,"column":92}}],"line":79},"6":{"loc":{"start":{"line":85,"column":6},"end":{"line":87,"column":7}},"type":"if","locations":[{"start":{"line":85,"column":6},"end":{"line":87,"column":7}},{"start":{},"end":{}}],"line":85},"7":{"loc":{"start":{"line":93,"column":56},"end":{"line":93,"column":85}},"type":"binary-expr","locations":[{"start":{"line":93,"column":56},"end":{"line":93,"column":77}},{"start":{"line":93,"column":81},"end":{"line":93,"column":85}}],"line":93},"8":{"loc":{"start":{"line":93,"column":87},"end":{"line":93,"column":112}},"type":"binary-expr","locations":[{"start":{"line":93,"column":87},"end":{"line":93,"column":104}},{"start":{"line":93,"column":108},"end":{"line":93,"column":112}}],"line":93},"9":{"loc":{"st
[...]
{"start":{"line":92,"column":17},"end":{"line":92,"column":18}},"64":{"start":{"line":93,"column":19},"end":{"line":93,"column":60}},"65":{"start":{"line":94,"column":6},"end":{"line":96,"column":83}},"66":{"start":{"line":94,"column":55},"end":{"line":94,"column":67}},"67":{"start":{"line":94,"column":68},"end":{"line":94,"column":91}},"68":{"start":{"line":95,"column":11},"end":{"line":96,"column":83}},"69":{"start":{"line":95,"column":86},"end":{"line":95,"column":97}},"70":{"start":{"line":96,"column":11},"end":{"line":96,"column":83}},"71":{"start":{"line":96,"column":68},"end":{"line":96,"column":81}},"72":{"start":{"line":98,"column":4},"end":{"line":101,"column":5}},"73":{"start":{"line":99,"column":6},"end":{"line":99,"column":23}},"74":{"start":{"line":100,"column":6},"end":{"line":100,"column":12}},"75":{"start":{"line":105,"column":2},"end":{"line":158,"column":3}},"76":{"start":{"line":107,"column":4},"end":{"line":122,"column":5}},"77":{"start":{"line":107,"column":17},"end":{"line":107,"column":33}},"78":{"start":{"line":108,"column":18},"end":{"line":108,"column":24}},"79":{"start":{"line":109,"column":6},"end":{"line":109,"column":45}},"80":{"start":{"line":109,"column":36},"end":{"line":109,"column":45}},"81":{"start":{"line":111,"column":19},"end":{"line":111,"column":52}},"82":{"start":{"line":112,"column":6},"end":{"line":112,"column":26}},"83":{"start":{"line":112,"column":17},"end":{"line":112,"column":26}},"84":{"start":{"line":114,"column":24},"end":{"line":114,"column":77}},"85":{"start":{"line":115,"column":20},"end":{"line":115,"column":77}},"86":{"start":{"line":117,"column":6},"end":{"line":121,"column":9}},"87":{"start":{"line":127,"column":19},"end":{"line":127,"column":41}},"88":{"start":{"line":129,"column":4},"end":{"line":157,"column":5}},"89":{"start":{"line":129,"column":17},"end":{"line":129,"column":25}},"90":{"start":{"line":130,"column":18},"end":{"line":130,"column":24}},"91":{"start":{"line":131,"column":6},"end":{"line":131,"column":45}},"92":{"start":{"line":131,"column":36},"end":{"line":131,"column":45}},"93":{"start":{"line":133,"column":17},"end":{"line":133,"column":19}},"94":{"start":{"line":133,"column":33},"end":{"line":133,"column":35}},"95":{"start":{"line":133,"column":45},"end":{"line":133,"column":47}},"96":{"start":{"line":135,"column":6},"end":{"line":148,"column":7}},"97":{"start":{"line":135,"column":19},"end":{"line":135,"column":20}},"98":{"start":{"line":136,"column":20},"end":{"line":136,"column":47}},"99":{"start":{"line":137,"column":8},"end":{"line":137,"column":27}},"100":{"start":{"line":137,"column":18},"end":{"line":137,"column":27}},"101":{"start":{"line":139,"column":8},"end":{"line":147,"column":9}},"102":{"start":{"line":140,"column":10},"end":{"line":140,"column":22}},"103":{"start":{"line":141,"column":15},"end":{"line":147,"column":9}},"104":{"start":{"line":143,"column":10},"end":{"line":143,"column":42}},"105":{"start":{"line":143,"column":26},"end":{"line":143,"column":42}},"106":{"start":{"line":144,"column":15},"end":{"line":147,"column":9}},"107":{"start":{"line":146,"column":10},"end":{"line":146,"column":32}},"108":{"start":{"line":146,"column":21},"end":{"line":146,"column":32}},"109":{"start":{"line":150,"column":6},"end":{"line":156,"column":7}},"110":{"start":{"line":151,"column":8},"end":{"line":155,"column":11}},"111":{"start":{"line":160,"column":2},"end":{"line":162,"column":3}},"112":{"start":{"line":161,"column":4},"end":{"line":161,"column":97}},"113":{"start":{"line":164,"column":2},"end":{"line":166,"column":3}},"114":{"start":{"line":165,"column":4},"end":{"line":165,"column":84}},"115":{"start":{"line":168,"column":2},"end":{"line":168,"column":27}},"116":{"start":{"line":175,"column":17},"end":{"line":181,"column":3}},"117":{"start":{"line":183,"column":13},"end":{"line":183,"column":44}},"118":{"start":{"line":184,"column":13},"end":{"line":184,"column":34}},"119":{"start":{"line":185,"column":2},"end":{"line":185,"column":56}},"120":{"start":{"line":187,"column":2},"end":{"line":187,"column":62}},"121":{"start":{"line":190,"column":0},"end":{"line":193,"column":2}}},"fnMap":{"0":{"name":"(anonymous_0)","decl":{"start":{"line":6,"column":23},"end":{"line":6,"column":24}},"loc":{"start":{"line":6,"column":30},"end":{"line":14,"column":1}},"line":6},"1":{"name":"(anonymous_1)","decl":{"start":{"line":16,"column":23},"end":{"line":16,"column":24}},"loc":{"start":{"line":16,"column":30},"end":{"line":22,"column":1}},"line":16},"2":{"name":"parseWorksheet","decl":{"start":{"line":28,"column":9},"end":{"line":28,"column":23}},"loc":{"start":{"line":28,"column":46},"end":{"line":169,"column":1}},"line":28},"3":{"name":"generateTemplateBuffer","decl":{"start":{"line":174,"column":9},"end":{"line":174,"column":31}},"loc":{"start":{"line":174,"column":34},"end":{"line":188,"column":1}},"line":174}},"branchMap":{"0":{"loc":{"start":{"line":13,"column":9},"end":{"line":13,"column":42}},"type":"binary-expr","locations":[{"start":{"line":13,"column":9},"end":{"line":13,"column":30}},{"start":{"line":13,"column":34},"end":{"line":13,"column":42}}],"line":13},"1":{"loc":{"start":{"line":18,"column":2},"end":{"line":18,"column":67}},"type":"if","locations":[{"start":{"line":18,"column":2},"end":{"line":18,"column":67}},{"start":{},"end":{}}],"line":18},"2":{"loc":{"start":{"line":18,"column":6},"end":{"line":18,"column":47}},"type":"binary-expr","locations":[{"start":{"line":18,"column":6},"end":{"line":18,"column":24}},{"start":{"line":18,"column":28},"end":{"line":18,"column":47}}],"line":18},"3":{"loc":{"start":{"line":19,"column":2},"end":{"line":19,"column":68}},"type":"if","locations":[{"start":{"line":19,"column":2},"end":{"line":19,"column":68}},{"start":{},"end":{}}],"line":19},"4":{"loc":{"start":{"line":19,"column":6},"end":{"line":19,"column":46}},"type":"binary-expr","locations":[{"start":{"line":19,"column":6},"end":{"line":19,"column":24}},{"start":{"line":19,"column":28},"end":{"line":19,"column":46}}],"line":19},"5":{"loc":{"start":{"line":20,"column":2},"end":{"line":20,"column":64}},"type":"if","locations":[{"start":{"line":20,"column":2},"end":{"line":20,"column":64}},{"start":{},"end":{}}],"line":20},"6":{"loc":{"start":{"line":20,"column":6},"end":{"line":20,"column":45}},"type":"binary-expr","locations":[{"start":{"line":20,"column":6},"end":{"line":20,"column":24}},{"start":{"line":20,"column":28},"end":{"line":20,"column":45}}],"line":20},"7":{"loc":{"start":{"line":31,"column":2},"end":{"line":40,"column":3}},"type":"if","locations":[{"start":{"line":31,"column":2},"end":{"line":40,"column":3}},{"start":{"line":34,"column":9},"end":{"line":40,"column":3}}],"line":31},"8":{"loc":{"start":{"line":42,"column":2},"end":{"line":44,"column":3}},"type":"if","locations":[{"start":{"line":42,"column":2},"end":{"line":44,"column":3}},{"start":{},"end":{}}],"line":42},"9":{"loc":{"start":{"line":51,"column":32},"end":{"line":51,"column":49}},"type":"binary-expr","locations":[{"start":{"line":51,"column":32},"end":{"line":51,"column":43}},{"start":{"line":51,"column":47},"end":{"line":51,"column":49}}],"line":51},"10":{"loc":{"start":{"line":53,"column":2},"end":{"line":76,"column":3}},"type":"if","locations":[{"start":{"line":53,"column":2},"end":{"line":76,"column":3}},{"start":{"line":57,"column":9},"end":{"line":76,"column":3}}],"line":53},"11":{"loc":{"start":{"line":54,"column":23},"end":{"line":54,"column":40}},"type":"binary-expr","locations":[{"start":{"line":54,"column":23},"end":{"line":54,"column":34}},{"start":{"line":54,"column":38},"end":{"line":54,"column":40}}],"line":54},"12":{"loc":{"start":{"line":61,"column":7},"end":{"line":61,"column":26}},"type":"if","locations":[{"start":{"line":61,"column":7},"end":{"line":61,"column":26}},{"start":{},"end":{}}],"line":61},"13":{"loc":{"start":{"line":63,"column":28},"end":{"line":63,"column":40}},"type":"binary-expr","locations":[{"start":{"line":63,"column":28},"end":{"line":63,"column":34}},{"start":{"line":63,"column":38},"end":{"line":63,"column":40}}],"line":63},"14":{"loc":{"start":{"line":64,"column":9},"end":{"line":68,"column":10}},"type":"if","locations":[{"start":{"line":64,"column":9},"end":{"line":68,"column":10}},{"start":{},"end":{}}],"line":64},"15":{"loc":{"start":{"line":66,"column":12},"end":{"line":67,"column":67}},"type":"if","locations":[{"start":{"line":66,"column":12},"end":{"line":67,"column":67}},{"start":{"line":67,"column":17},"end":{"line":67,"column":67}}],"line":66},"16":{"loc":{"start":{"line":66,"column":16},"end":{"line":66,"column":47}},"type":"binary-expr","locations":[{"start":{"line":66,"column":16},"end":{"line":66,"column":30}},{"start":{"line":66,"column":34},"end":{"line":66,"column":47}}],"line":66},"17":{"loc":{"start":{"line":67,"column":17},"end":{"line":67,"column":67}},"type":"if","locations":[{"start":{"line":67,"column":17},"end":{"line":67,"column":67}},{"start":{},"end":{}}],"line":67},"18":{"loc":{"start":{"line":72,"column":4},"end":{"line":75,"column":5}},"type":"if","locations":[{"start":{"line":72,"column":4},"end":{"line":75,"column":5}},{"start":{},"end":{}}],"line":72},"19":{"loc":{"start":{"line":74,"column":6},"end":{"line":74,"column":103}},"type":"if","locations":[{"start":{"line":74,"column":6},"end":{"line":74,"column":103}},{"start":{},"end":{}}],"line":74},"20":{"loc":{"start":{"line":74,"column":10},"end":{"line":74,"column":62}},"type":"binary-expr","locations":[{"start":{"line":74,"column":10},"end":{"line":74,"column":48}},{"start":{"line":74,"column":52},"end":{"line":74,"column":62}}],"line":74},"21":{"loc":{"start":{"line":90,"column":4},"end":{"line":90,"column":23}},"type":"if","locations":[{"start":{"line":90,"column":4},"end":{"line":90,"column":23}},{"start":{},"end":{}}],"line":90},"22":{"loc":{"start":{"line":93,"column":26},"end":{"line":93,"column":38}},"type":"binary-expr","locations":[{"start":{"line":93,"column":26},"end":{"line":93,"column":32}},{"start":{"line":93,"column":36},"end":{"line":93,"column":38}}],"line":93},"23":{"loc":{"start":{"line":94,"column":6},"end":{"line":96,"column":83}},"type":"if","locations":[{"start":{"line":94,"column":6},"end":{"line":96,"column":83}},{"start":{"line":95,"column":11},"end":{"line":96,"column":83}}],"line":94},"24":{"loc":{"start":{"line":94,"column":10},"end":{"line":94,"column":51}},"type":"binary-expr","locations":[{"start":{"line":94,"column":10},"end":{"line":94,"column":31}},{"start":{"line":94,"column":35},"end":{"line":94,"column":51}}],"line":94},"25":{"loc":{"start":{"line":95,"column":11},"end":{"line":96,"column":83}},"type":"if","locations":[{"start":{"line":95,"column":11},"end":{"line":96,"column":83}},{"start":{"line":96,"column":11},"end":{"line":96,"column":83}}],"line":95},"26":{"loc":{"start":{"line":95,"column":15},"end":{"line":95,"column":82}},"type":"binary-expr","locations":[{"start":{"line":95,"column":15},"end":{"line":95,"column":36}},{"start":{"line":95,"column":40},"end":{"line":95,"column":53}},{"start":{"line":95,"column":57},"end":{"line":95,"column":82}}],"line":95},"27":{"loc":{"start":{"line":96,"column":11},"end":{"line":96,"column":83}},"type":"if","locations":[{"start":{"line":96,"column":11},"end":{"line":96,"column":83}},{"start":{},"end":{}}],"line":96},"28":{"loc":{"start":{"line":96,"column":15},"end":{"line":96,"column":64}},"type":"binary-expr","locations":[{"start":{"line":96,"column":15},"end":{"line":96,"column":37}},{"start":{"line":96,"column":41},"end":{"line":96,"column":64}}],"line":96},"29":{"loc":{"start":{"line":98,"column":4},"end":{"line":101,"column":5}},"type":"if","locations":[{"start":{"line":98,"column":4},"end":{"line":101,"column":5}},{"start":{},"end":{}}],"line":98},"30":{"loc":{"start":{"line":105,"column":2},"end":{"line":158,"column":3}},"type":"if","locations":[{"start":{"line":105,"column":2},"end":{"line":158,"column":3}},{"start":{"line":123,"column":9},"end":{"line":158,"column":3}}],"line":105},"31":{"loc":{"start":{"line":109,"column":6},"end":{"line":109,"column":45}},"type":"if","locations":[{"start":{"line":109,"column":6},"end":{"line":109,"column":45}},{"start":{},"end":{}}],"line":109},"32":{"loc":{"start":{"line":109,"column":10},"end":{"line":109,"column":34}},"type":"binary-expr","locations":[{"start":{"line":109,"column":10},"end":{"line":109,"column":14}},{"start":{"line":109,"column":18},"end":{"line":109,"column":34}}],"line":109},"33":{"loc":{"start":{"line":111,"column":26},"end":{"line":111,"column":44}},"type":"binary-expr","locations":[{"start":{"line":111,"column":26},"end":{"line":111,"column":38}},{"start":{"line":111,"column":42},"end":{"line":111,"column":44}}],"line":111},"34":{"loc":{"start":{"line":112,"column":6},"end":{"line":112,"column":26}},"type":"if","locations":[{"start":{"line":112,"column":6},"end":{"line":112,"column":26}},{"start":{},"end":{}}],"line":112},"35":{"loc":{"start":{"line":114,"column":24},"end":{"line":114,"column":77}},"type":"cond-expr","locations":[{"start":{"line":114,"column":40},"end":{"line":114,"column":72}},{"start":{"line":114,"column":75},"end":{"line":114,"column":77}}],"line":114},"36":{"loc":{"start":{"line":114,"column":47},"end":{"line":114,"column":64}},"type":"binary-expr","locations":[{"start":{"line":114,"column":47},"end":{"line":114,"column":58}},{"start":{"line":114,"column":62},"end":{"line":114,"column":64}}],"line":114},"37":{"loc":{"start":{"line":115,"column":20},"end":{"line":115,"column":77}},"type":"cond-expr","locations":[{"start":{"line":115,"column":38},"end":{"line":115,"column":72}},{"start":{"line":115,"column":75},"end":{"line":115,"column":77}}],"line":115},"38":{"loc":{"start":{"line":115,"column":45},"end":{"line":115,"column":64}},"type":"binary-expr","locations":[{"start":{"line":115,"column":45},"end":{"line":115,"column":58}},{"start":{"line":115,"column":62},"end":{"line":115,"column":64}}],"line":115},"39":{"loc":{"start":{"line":119,"column":19},"end":{"line":119,"column":55}},"type":"binary-expr","locations":[{"start":{"line":119,"column":19},"end":{"line":119,"column":28}},{"start":{"line":119,"column":32},"end":{"line":119,"column":55}}],"line":119},"40":{"loc":{"start":{"line":120,"column":15},"end":{"line":120,"column":74}},"type":"binary-expr","locations":[{"start":{"line":120,"column":15},"end":{"line":120,"column":20}},{"start":{"line":120,"column":24},"end":{"line":120,"column":74}}],"line":120},"41":{"loc":{"start":{"line":127,"column":19},"end":{"line":127,"column":41}},"type":"cond-expr","locations":[{"start":{"line":127,"column":36},"end":{"line":127,"column":37}},{"start":{"line":127,"column":40},"end":{"line":127,"column":41}}],"line":127},"42":{"loc":{"start":{"line":131,"column":6},"end":{"line":131,"column":45}},"type":"if","locations":[{"start":{"line":131,"column":6},"end":{"line":131,"column":45}},{"start":{},"end":{}}],"line":131},"43":{"loc":{"start":{"line":131,"column":10},"end":{"line":131,"column":34}},"type":"binary-expr","locations":[{"start":{"line":131,"column":10},"end":{"line":131,"column":14}},{"start":{"line":131,"column":18},"end":{"line":131,"column":34}}],"line":131},"44":{"loc":{"start":{"line":136,"column":27},"end":{"line":136,"column":39}},"type":"binary-expr","locations":[{"start":{"line":136,"column":27},"end":{"line":136,"column":33}},{"start":{"line":136,"column":37},"end":{"line":136,"column":39}}],"line":136},"45":{"loc":{"start":{"line":137,"column":8},"end":{"line":137,"column":27}},"type":"if","locations":[{"start":{"line":137,"column":8},"end":{"line":137,"column":27}},{"start":{},"end":{}}],"line":137},"46":{"loc":{"start":{"line":139,"column":8},"end":{"line":147,"column":9}},"type":"if","locations":[{"start":{"line":139,"column":8},"end":{"line":147,"column":9}},{"start":{"line":141,"column":15},"end":{"line":147,"column":9}}],"line":139},"47":{"loc":{"start":{"line":141,"column":15},"end":{"line":147,"column":9}},"type":"if","locations":[{"start":{"line":141,"column":15},"end":{"line":147,"column":9}},{"start":{"line":144,"column":15},"end":{"line":147,"column":9}}],"line":141},"48":{"loc":{"start":{"line":141,"column":19},"end":{"line":141,"column":76}},"type":"binary-expr","locations":[{"start":{"line":141,"column":19},"end":{"line":141,"column":40}},{"start":{"line":141,"column":44},"end":{"line":141,"column":76}}],"line":141},"49":{"loc":{"start":{"line":143,"column":10},"end":{"line":143,"column":42}},"type":"if","locations":[{"start":{"line":143,"column":10},"end":{"line":143,"column":42}},{"start":{},"end":{}}],"line":143},"50":{"loc":{"start":{"line":144,"column":15},"end":{"line":147,"column":9}},"type":"if","locations":[{"start":{"line":144,"column":15},"end":{"line":147,"column":9}},{"start":{},"end":{}}],"line":144},"51":{"loc":{"start":{"line":144,"column":19},"end":{"line":144,"column":47}},"type":"binary-expr","locations":[{"start":{"line":144,"column":19},"end":{"line":144,"column":33}},{"start":{"line":144,"column":37},"end":{"line":144,"column":47}}],"line":144},"52":{"loc":{"start":{"line":146,"column":10},"end":{"line":146,"column":32}},"type":"if","locations":[{"start":{"line":146,"column":10},"end":{"line":146,"column":32}},{"start":{},"end":{}}],"line":146},"53":{"loc":{"start":{"line":150,"column":6},"end":{"line":156,"column":7}},"type":"if","locations":[{"start":{"line":150,"column":6},"end":{"line":156,"column":7}},{"start":{},"end":{}}],"line":150},"54":{"loc":{"start":{"line":153,"column":21},"end":{"line":153,"column":57}},"type":"binary-expr","locations":[{"start":{"line":153,"column":21},"end":{"line":153,"column":30}},{"start":{"line":153,"column":34},"end":{"line":153,"column":57}}],"line":153},"55":{"loc":{"start":{"line":154,"column":17},"end":{"line":154,"column":76}},"type":"binary-expr","locations":[{"start":{"line":154,"column":17},"end":{"line":154,"column":22}},{"start":{"line":154,"column":26},"end":{"line":154,"column":76}}],"line":154},"56":{"loc":{"start":{"line":160,"column":2},"end":{"line":162,"column":3}},"type":"if","locations":[{"start":{"line":160,"column":2},"end":{"line":162,"column":3}},{"start":{},"end":{}}],"line":160},"57":{"loc":{"start":{"line":164,"column":2},"end":{"line":166,"column":3}},"type":"if","locations":[{"start":{"line":164,"column":2},"end":{"line":166,"column":3}},{"start":{},"end":{}}],"line":164}},"s":{"0":4,"1":4,"2":4,"3":0,"4":0,"5":4,"6":0,"7":0,"8":0,"9":0,"10":0,"11":0,"12":0,"13":0,"14":0,"15":0,"16":0,"17":0,"18":0,"19":0,"20":0,"21":0,"22":0,"23":0,"24":0,"25":0,"26":0,"27":0,"28":0,"29":0,"30":0,"31":0,"32":0,"33":0,"34":0,"35":0,"36":0,"37":0,"38":0,"39":0,"40":0,"41":0,"42":0,"43":0,"44":0,"45":0,"46":0,"47":0,"48":0,"49":0,"50":0,"51":0,"52":0,"53":0,"54":0,"55":0,"56":0,"57":0,"58":0,"59":0,"60":0,"61":0,"62":0,"63":0,"64":0,"65":0,"66":0,"67":0,"68":0,"69":0,"70":0,"71":0,"72":0,"73":0,"74":0,"75":0,"76":0,"77":0,"78":0,"79":0,"80":0,"81":0,"82":0,"83":0,"84":0,"85":0,"86":0,"87":0,"88":0,"89":0,"90":0,"91":0,"92":0,"93":0,"94":0,"95":0,"96":0,"97":0,"98":0,"99":0,"100":0,"101":0,"102":0,"103":0,"104":0,"105":0,"106":0,"107":0,"108":0,"109":0,"110":0,"111":0,"112":0,"113":0,"114":0,"115":0,"116":0,"117":0,"118":0,"119":0,"120":0,"121":4},"f":{"0":0,"1":0,"2":0,"3":0},"b":{"0":[0,0],"1":[0,0],"2":[0,0],"3":[0,0],"4":[0,0],"5":[0,0],"6":[0,0],"7":[0,0],"8":[0,0],"9":[0,0],"10":[0,0],"11":[0,0],"12":[0,0],"13":[0,0],"14":[0,0],"15":[0,0],"16":[0,0],"17":[0,0],"18":[0,0],"19":[0,0],"20":[0,0],"21":[0,0],"22":[0,0],"23":[0,0],"24":[0,0],"25":[0,0],"26":[0,0,0],"27":[0,0],"28":[0,0],"29":[0,0],"30":[0,0],"31":[0,0],"32":[0,0],"33":[0,0],"34":[0,0],"35":[0,0],"36":[0,0],"37":[0,0],"38":[0,0],"39":[0,0],"40":[0,0],"41":[0,0],"42":[0,0],"43":[0,0],"44":[0,0],"45":[0,0],"46":[0,0],"47":[0,0],"48":[0,0],"49":[0,0],"50":[0,0],"51":[0,0],"52":[0,0],"53":[0,0],"54":[0,0],"55":[0,0],"56":[0,0],"57":[0,0]},"_coverageSchema":"1a1c01bbd47fc00a2c39e90264f33305004495a9","hash":"424da83cc4ab8fd44c2206e6c4f991cc498c130e"}
}
