TN:
SF:src/app.js
FN:20,(anonymous_0)
FN:23,(anonymous_1)
FN:53,(anonymous_2)
FN:63,(anonymous_3)
FN:68,getClientIp
FN:89,(anonymous_5)
FN:94,(anonymous_6)
FN:100,(anonymous_7)
FNF:8
FNH:2
FNDA:4,(anonymous_0)
FNDA:35,(anonymous_1)
FNDA:0,(anonymous_2)
FNDA:0,(anonymous_3)
FNDA:0,getClientIp
FNDA:0,(anonymous_5)
FNDA:0,(anonymous_6)
FNDA:0,(anonymous_7)
DA:3,4
DA:4,4
DA:5,4
DA:6,4
DA:7,4
DA:8,4
DA:9,4
DA:10,4
DA:12,4
DA:15,4
DA:18,4
DA:20,4
DA:22,4
DA:25,35
DA:26,0
DA:34,4
DA:39,4
DA:48,4
DA:53,0
DA:58,4
DA:63,0
DA:69,0
DA:70,0
DA:71,0
DA:75,4
DA:76,0
DA:77,0
DA:78,0
DA:79,0
DA:81,4
DA:84,4
DA:85,4
DA:86,4
DA:89,4
DA:90,0
DA:94,4
DA:95,0
DA:100,4
DA:101,0
DA:102,0
DA:105,4
LF:41
LH:27
BRDA:18,0,0,4
BRDA:18,0,1,0
BRDA:25,1,0,35
BRDA:25,1,1,0
BRDA:25,2,0,35
BRDA:25,2,1,0
BRDA:70,3,0,0
BRDA:70,3,1,0
BRDA:71,4,0,0
BRDA:71,4,1,0
BRDA:75,5,0,0
BRDA:75,5,1,4
BRF:12
BRH:4
end_of_record
TN:
SF:src/db/client.js
FN:17,(anonymous_0)
FNF:1
FNH:0
FNDA:0,(anonymous_0)
DA:3,4
DA:5,4
DA:6,0
DA:9,4
DA:17,4
DA:18,0
DA:21,4
LF:7
LH:5
BRDA:5,0,0,0
BRDA:5,0,1,4
BRF:2
BRH:1
end_of_record
TN:
SF:src/middleware/authenticate.js
FN:11,authenticate
FNF:1
FNH:1
FNDA:9,authenticate
DA:3,4
DA:4,4
DA:12,9
DA:13,9
DA:17,9
DA:18,0
DA:22,9
DA:23,0
DA:26,9
DA:27,9
DA:28,0
DA:29,0
DA:31,9
DA:34,9
DA:38,4
LF:15
LH:11
BRDA:12,0,0,9
BRDA:12,0,1,0
BRDA:13,1,0,9
BRDA:13,1,1,0
BRDA:17,2,0,0
BRDA:17,2,1,9
BRDA:22,3,0,0
BRDA:22,3,1,9
BRDA:31,4,0,0
BRDA:31,4,1,9
BRF:10
BRH:5
end_of_record
TN:
SF:src/middleware/logAuth.js
FN:17,logAuthEvent
FN:23,(anonymous_1)
FN:33,getClientIp
FNF:3
FNH:2
FNDA:5,logAuthEvent
FNDA:0,(anonymous_1)
FNDA:21,getClientIp
DA:3,4
DA:18,5
DA:24,0
DA:34,21
DA:35,21
DA:36,21
DA:39,4
LF:7
LH:6
BRDA:17,0,0,5
BRDA:17,1,0,0
BRDA:17,2,0,0
BRDA:17,3,0,0
BRDA:35,4,0,0
BRDA:35,4,1,21
BRDA:36,5,0,21
BRDA:36,5,1,0
BRF:8
BRH:3
end_of_record
TN:
SF:src/middleware/upload.js
FN:11,(anonymous_0)
FNF:1
FNH:0
FNDA:0,(anonymous_0)
DA:3,4
DA:9,4
DA:11,4
DA:12,0
DA:18,0
DA:19,0
DA:21,0
DA:25,4
DA:31,4
LF:9
LH:5
BRDA:18,0,0,0
BRDA:18,0,1,0
BRDA:18,1,0,0
BRDA:18,1,1,0
BRDA:18,1,2,0
BRF:5
BRH:0
end_of_record
TN:
SF:src/routes/alunos.js
FN:14,verifyTurmaOwnership
FN:25,(anonymous_1)
FN:57,(anonymous_2)
FN:113,(anonymous_3)
FN:157,(anonymous_4)
FNF:5
FNH:0
FNDA:0,verifyTurmaOwnership
FNDA:0,(anonymous_1)
FNDA:0,(anonymous_2)
FNDA:0,(anonymous_3)
FNDA:0,(anonymous_4)
DA:3,4
DA:4,4
DA:5,4
DA:7,4
DA:9,4
DA:15,0
DA:19,0
DA:25,4
DA:26,0
DA:27,0
DA:29,0
DA:30,0
DA:32,0
DA:33,0
DA:37,0
DA:39,0
DA:40,0
DA:41,0
DA:44,0
DA:46,0
DA:47,0
DA:49,0
DA:50,0
DA:57,4
DA:58,0
DA:63,0
DA:65,0
DA:66,0
DA:70,0
DA:71,0
DA:74,0
DA:75,0
DA:77,0
DA:79,0
DA:83,0
DA:84,0
DA:88,0
DA:92,0
DA:93,0
DA:96,0
DA:103,0
DA:105,0
DA:106,0
DA:113,4
DA:114,0
DA:115,0
DA:117,0
DA:118,0
DA:120,0
DA:122,0
DA:123,0
DA:127,0
DA:128,0
DA:132,0
DA:146,0
DA:147,0
DA:149,0
DA:150,0
DA:157,4
DA:158,0
DA:160,0
DA:161,0
DA:163,0
DA:164,0
DA:168,0
DA:169,0
DA:171,0
DA:172,0
DA:176,4
LF:69
LH:10
BRDA:19,0,0,0
BRDA:19,0,1,0
BRDA:30,1,0,0
BRDA:30,1,1,0
BRDA:39,2,0,0
BRDA:39,2,1,0
BRDA:61,3,0,0
BRDA:62,4,0,0
BRDA:62,5,0,0
BRDA:65,6,0,0
BRDA:65,6,1,0
BRDA:65,7,0,0
BRDA:65,7,1,0
BRDA:65,7,2,0
BRDA:70,8,0,0
BRDA:70,8,1,0
BRDA:75,9,0,0
BRDA:75,9,1,0
BRDA:83,10,0,0
BRDA:83,10,1,0
BRDA:92,11,0,0
BRDA:92,11,1,0
BRDA:118,12,0,0
BRDA:118,12,1,0
BRDA:122,13,0,0
BRDA:122,13,1,0
BRDA:127,14,0,0
BRDA:127,14,1,0
BRDA:143,15,0,0
BRDA:143,15,1,0
BRDA:143,16,0,0
BRDA:143,16,1,0
BRDA:143,17,0,0
BRDA:143,17,1,0
BRDA:146,18,0,0
BRDA:146,18,1,0
BRDA:161,19,0,0
BRDA:161,19,1,0
BRDA:168,20,0,0
BRDA:168,20,1,0
BRF:40
BRH:0
end_of_record
TN:
SF:src/routes/auth.js
FN:16,(anonymous_0)
FN:33,(anonymous_1)
FN:106,(anonymous_2)
FN:175,(anonymous_3)
FN:207,(anonymous_4)
FN:265,(anonymous_5)
FN:360,(anonymous_6)
FN:389,(anonymous_7)
FN:421,(anonymous_8)
FN:432,(anonymous_9)
FNF:10
FNH:6
FNDA:16,(anonymous_0)
FNDA:48,(anonymous_1)
FNDA:5,(anonymous_2)
FNDA:0,(anonymous_3)
FNDA:0,(anonymous_4)
FNDA:0,(anonymous_5)
FNDA:0,(anonymous_6)
FNDA:2,(anonymous_7)
FNDA:3,(anonymous_8)
FNDA:5,(anonymous_9)
DA:3,4
DA:4,4
DA:5,4
DA:6,4
DA:7,4
DA:8,4
DA:9,4
DA:11,4
DA:16,4
DA:17,16
DA:18,16
DA:19,16
DA:22,16
DA:23,0
DA:27,16
DA:28,15
DA:29,14
DA:30,13
DA:32,12
DA:33,48
DA:34,12
DA:37,0
DA:38,0
DA:39,0
DA:42,0
DA:43,0
DA:44,0
DA:47,0
DA:52,0
DA:53,0
DA:54,0
DA:55,0
DA:56,0
DA:58,0
DA:62,0
DA:65,0
DA:73,0
DA:79,0
DA:82,0
DA:84,0
DA:95,0
DA:96,0
DA:97,0
DA:99,0
DA:106,4
DA:107,5
DA:108,5
DA:109,5
DA:111,5
DA:112,0
DA:115,5
DA:117,5
DA:127,5
DA:128,5
DA:130,5
DA:133,0
DA:135,0
DA:136,0
DA:137,0
DA:140,0
DA:141,0
DA:142,0
DA:143,0
DA:147,0
DA:150,0
DA:157,0
DA:159,0
DA:167,0
DA:168,0
DA:175,4
DA:176,0
DA:177,0
DA:184,0
DA:185,0
DA:187,0
DA:188,0
DA:199,0
DA:200,0
DA:207,4
DA:208,0
DA:209,0
DA:210,0
DA:212,0
DA:213,0
DA:217,0
DA:218,0
DA:223,0
DA:224,0
DA:227,0
DA:232,0
DA:233,0
DA:235,0
DA:241,0
DA:245,0
DA:246,0
DA:250,0
DA:254,0
DA:256,0
DA:265,4
DA:266,0
DA:268,0
DA:269,0
DA:272,0
DA:273,0
DA:274,0
DA:277,0
DA:287,0
DA:288,0
DA:289,0
DA:292,0
DA:294,0
DA:295,0
DA:296,0
DA:299,0
DA:300,0
DA:301,0
DA:305,0
DA:306,0
DA:307,0
DA:308,0
DA:312,0
DA:313,0
DA:314,0
DA:315,0
DA:318,0
DA:321,0
DA:324,0
DA:328,0
DA:334,0
DA:340,0
DA:345,0
DA:347,0
DA:349,0
DA:350,0
DA:351,0
DA:353,0
DA:360,4
DA:361,0
DA:362,0
DA:364,0
DA:366,0
DA:367,0
DA:368,0
DA:371,0
DA:379,0
DA:381,0
DA:382,0
DA:389,4
DA:390,2
DA:391,2
DA:393,2
DA:394,2
DA:395,2
DA:397,2
DA:400,0
DA:401,0
DA:402,0
DA:404,0
DA:409,0
DA:412,0
DA:414,0
DA:421,4
DA:422,3
DA:423,3
DA:426,1
DA:427,1
DA:428,1
DA:429,1
DA:431,1
DA:432,5
DA:433,0
DA:436,1
DA:437,1
DA:438,1
DA:441,1
DA:446,1
DA:447,1
DA:448,1
DA:451,0
DA:453,0
DA:454,0
DA:455,0
DA:459,0
DA:460,0
DA:461,0
DA:462,0
DA:466,0
DA:469,0
DA:470,0
DA:471,0
DA:474,0
DA:476,0
DA:477,0
DA:479,0
DA:480,0
DA:482,1
DA:486,4
LF:197
LH:59
BRDA:17,0,0,0
BRDA:19,1,0,16
BRDA:19,1,1,16
BRDA:22,2,0,0
BRDA:22,2,1,16
BRDA:22,3,0,16
BRDA:22,3,1,16
BRDA:22,3,2,16
BRDA:22,3,3,16
BRDA:27,4,0,1
BRDA:27,4,1,15
BRDA:28,5,0,1
BRDA:28,5,1,14
BRDA:29,6,0,1
BRDA:29,6,1,13
BRDA:30,7,0,1
BRDA:30,7,1,12
BRDA:33,8,0,12
BRDA:33,8,1,0
BRDA:38,9,0,0
BRDA:38,9,1,0
BRDA:52,10,0,0
BRDA:52,10,1,0
BRDA:55,11,0,0
BRDA:55,11,1,0
BRDA:109,12,0,5
BRDA:109,12,1,5
BRDA:111,13,0,0
BRDA:111,13,1,5
BRDA:111,14,0,5
BRDA:111,14,1,5
BRDA:127,15,0,5
BRDA:127,15,1,0
BRDA:135,16,0,0
BRDA:135,16,1,0
BRDA:141,17,0,0
BRDA:141,17,1,0
BRDA:184,18,0,0
BRDA:184,18,1,0
BRDA:210,19,0,0
BRDA:210,19,1,0
BRDA:212,20,0,0
BRDA:212,20,1,0
BRDA:223,21,0,0
BRDA:223,21,1,0
BRDA:245,22,0,0
BRDA:245,22,1,0
BRDA:268,23,0,0
BRDA:268,23,1,0
BRDA:268,24,0,0
BRDA:268,24,1,0
BRDA:287,25,0,0
BRDA:287,25,1,0
BRDA:294,26,0,0
BRDA:294,26,1,0
BRDA:299,27,0,0
BRDA:299,27,1,0
BRDA:306,28,0,0
BRDA:306,28,1,0
BRDA:313,29,0,0
BRDA:313,29,1,0
BRDA:362,30,0,0
BRDA:362,30,1,0
BRDA:391,31,0,0
BRDA:391,31,1,2
BRDA:395,32,0,2
BRDA:395,32,1,0
BRDA:423,33,0,2
BRDA:423,33,1,1
BRDA:423,34,0,3
BRDA:423,34,1,1
BRDA:426,35,0,0
BRDA:426,35,1,1
BRDA:427,36,0,0
BRDA:427,36,1,1
BRDA:428,37,0,0
BRDA:428,37,1,1
BRDA:429,38,0,0
BRDA:429,38,1,1
BRDA:432,39,0,0
BRDA:432,39,1,1
BRDA:446,40,0,1
BRDA:446,40,1,0
BRDA:453,41,0,0
BRDA:453,41,1,0
BRDA:460,42,0,0
BRDA:460,42,1,0
BRF:87
BRH:34
end_of_record
TN:
SF:src/routes/presencas.js
FN:13,(anonymous_0)
FN:50,(anonymous_1)
FN:104,(anonymous_2)
FN:159,(anonymous_3)
FN:179,(anonymous_4)
FN:212,(anonymous_5)
FNF:6
FNH:0
FNDA:0,(anonymous_0)
FNDA:0,(anonymous_1)
FNDA:0,(anonymous_2)
FNDA:0,(anonymous_3)
FNDA:0,(anonymous_4)
FNDA:0,(anonymous_5)
DA:3,4
DA:4,4
DA:5,4
DA:7,4
DA:8,4
DA:13,4
DA:14,0
DA:16,0
DA:17,0
DA:20,0
DA:22,0
DA:26,0
DA:29,0
DA:39,0
DA:41,0
DA:42,0
DA:50,4
DA:51,0
DA:53,0
DA:54,0
DA:57,0
DA:58,0
DA:59,0
DA:60,0
DA:64,0
DA:66,0
DA:70,0
DA:72,0
DA:73,0
DA:74,0
DA:76,0
DA:77,0
DA:86,0
DA:87,0
DA:89,0
DA:90,0
DA:92,0
DA:95,0
DA:96,0
DA:104,4
DA:105,0
DA:107,0
DA:109,0
DA:111,0
DA:113,0
DA:117,0
DA:118,0
DA:122,0
DA:130,0
DA:131,0
DA:134,0
DA:135,0
DA:136,0
DA:139,0
DA:142,0
DA:143,0
DA:144,0
DA:145,0
DA:146,0
DA:147,0
DA:150,0
DA:151,0
DA:152,0
DA:153,0
DA:154,0
DA:155,0
DA:156,0
DA:157,0
DA:159,0
DA:160,0
DA:164,0
DA:165,0
DA:166,0
DA:167,0
DA:169,0
DA:177,0
DA:179,0
DA:180,0
DA:181,0
DA:183,0
DA:191,0
DA:193,0
DA:194,0
DA:195,0
DA:197,0
DA:198,0
DA:199,0
DA:200,0
DA:201,0
DA:202,0
DA:203,0
DA:204,0
DA:205,0
DA:206,0
DA:207,0
DA:208,0
DA:212,0
DA:213,0
DA:220,0
DA:221,0
DA:224,0
DA:225,0
DA:226,0
DA:229,0
DA:230,0
DA:231,0
DA:233,0
DA:234,0
DA:236,0
DA:237,0
DA:239,0
DA:240,0
DA:244,4
LF:113
LH:9
BRDA:16,0,0,0
BRDA:16,0,1,0
BRDA:16,1,0,0
BRDA:16,1,1,0
BRDA:26,2,0,0
BRDA:26,2,1,0
BRDA:53,3,0,0
BRDA:53,3,1,0
BRDA:53,4,0,0
BRDA:53,4,1,0
BRDA:53,4,2,0
BRDA:53,4,3,0
BRDA:59,5,0,0
BRDA:59,5,1,0
BRDA:59,6,0,0
BRDA:59,6,1,0
BRDA:60,7,0,0
BRDA:60,7,1,0
BRDA:70,8,0,0
BRDA:70,8,1,0
BRDA:82,9,0,0
BRDA:82,9,1,0
BRDA:107,10,0,0
BRDA:107,10,1,0
BRDA:117,11,0,0
BRDA:117,11,1,0
BRDA:130,12,0,0
BRDA:130,12,1,0
BRDA:181,13,0,0
BRDA:181,13,1,0
BRDA:188,14,0,0
BRDA:188,14,1,0
BRDA:197,15,0,0
BRDA:197,15,1,0
BRDA:201,16,0,0
BRDA:201,16,1,0
BRDA:205,17,0,0
BRDA:205,17,1,0
BRF:38
BRH:0
end_of_record
TN:
SF:src/routes/turmas.js
FN:17,(anonymous_0)
FN:32,(anonymous_1)
FN:58,(anonymous_2)
FN:111,(anonymous_3)
FN:135,(anonymous_4)
FN:186,(anonymous_5)
FN:234,(anonymous_6)
FNF:7
FNH:0
FNDA:0,(anonymous_0)
FNDA:0,(anonymous_1)
FNDA:0,(anonymous_2)
FNDA:0,(anonymous_3)
FNDA:0,(anonymous_4)
FNDA:0,(anonymous_5)
FNDA:0,(anonymous_6)
DA:3,4
DA:4,4
DA:5,4
DA:6,4
DA:7,4
DA:9,4
DA:12,4
DA:17,4
DA:18,0
DA:19,0
DA:20,0
DA:21,0
DA:22,0
DA:24,0
DA:25,0
DA:32,4
DA:33,0
DA:35,0
DA:36,0
DA:39,0
DA:44,0
DA:45,0
DA:46,0
DA:49,0
DA:51,0
DA:58,4
DA:59,0
DA:60,0
DA:61,0
DA:64,0
DA:65,0
DA:66,0
DA:68,0
DA:72,0
DA:73,0
DA:76,0
DA:81,0
DA:83,0
DA:84,0
DA:85,0
DA:86,0
DA:88,0
DA:90,0
DA:97,0
DA:98,0
DA:100,0
DA:101,0
DA:102,0
DA:104,0
DA:111,4
DA:112,0
DA:113,0
DA:125,0
DA:127,0
DA:128,0
DA:135,4
DA:136,0
DA:138,0
DA:139,0
DA:142,0
DA:143,0
DA:144,0
DA:147,0
DA:148,0
DA:149,0
DA:152,0
DA:153,0
DA:156,0
DA:158,0
DA:162,0
DA:163,0
DA:166,0
DA:173,0
DA:178,0
DA:179,0
DA:186,4
DA:187,0
DA:188,0
DA:190,0
DA:192,0
DA:196,0
DA:197,0
DA:201,0
DA:202,0
DA:206,0
DA:207,0
DA:211,0
DA:224,0
DA:226,0
DA:227,0
DA:234,4
DA:235,0
DA:237,0
DA:238,0
DA:243,0
DA:244,0
DA:247,0
DA:249,0
DA:250,0
DA:254,4
LF:100
LH:15
BRDA:33,0,0,0
BRDA:33,0,1,0
BRDA:44,1,0,0
BRDA:44,1,1,0
BRDA:60,2,0,0
BRDA:60,2,1,0
BRDA:60,3,0,0
BRDA:60,3,1,0
BRDA:60,3,2,0
BRDA:72,4,0,0
BRDA:72,4,1,0
BRDA:79,5,0,0
BRDA:79,5,1,0
BRDA:85,6,0,0
BRDA:85,6,1,0
BRDA:93,7,0,0
BRDA:93,7,1,0
BRDA:93,8,0,0
BRDA:93,8,1,0
BRDA:102,9,0,0
BRDA:102,9,1,0
BRDA:136,10,0,0
BRDA:136,11,0,0
BRDA:136,12,0,0
BRDA:138,13,0,0
BRDA:138,13,1,0
BRDA:138,14,0,0
BRDA:138,14,1,0
BRDA:143,15,0,0
BRDA:143,15,1,0
BRDA:148,16,0,0
BRDA:148,16,1,0
BRDA:152,17,0,0
BRDA:152,17,1,0
BRDA:152,18,0,0
BRDA:152,18,1,0
BRDA:162,19,0,0
BRDA:162,19,1,0
BRDA:196,20,0,0
BRDA:196,20,1,0
BRDA:201,21,0,0
BRDA:201,21,1,0
BRDA:206,22,0,0
BRDA:206,22,1,0
BRDA:221,23,0,0
BRDA:221,23,1,0
BRDA:221,24,0,0
BRDA:221,24,1,0
BRDA:221,25,0,0
BRDA:221,25,1,0
BRDA:221,26,0,0
BRDA:221,26,1,0
BRDA:243,27,0,0
BRDA:243,27,1,0
BRF:54
BRH:0
end_of_record
TN:
SF:src/services/passwordService.js
FN:14,hashPassword
FN:24,verifyPassword
FN:35,isPasswordInHistory
FN:58,savePasswordToHistory
FNF:4
FNH:0
FNDA:0,hashPassword
FNDA:0,verifyPassword
FNDA:0,isPasswordInHistory
FNDA:0,savePasswordToHistory
DA:3,4
DA:4,4
DA:6,4
DA:7,4
DA:15,0
DA:25,0
DA:36,0
DA:45,0
DA:46,0
DA:47,0
DA:50,0
DA:59,0
DA:66,0
DA:78,4
LF:14
LH:5
BRDA:6,0,0,4
BRDA:6,0,1,0
BRDA:46,1,0,0
BRDA:46,1,1,0
BRF:4
BRH:1
end_of_record
TN:
SF:src/services/tokenBlacklist.js
FN:13,(anonymous_0)
FN:25,revokeToken
FN:34,isTokenRevoked
FNF:3
FNH:1
FNDA:0,(anonymous_0)
FNDA:0,revokeToken
FNDA:9,isTokenRevoked
DA:10,4
DA:13,4
DA:14,0
DA:15,0
DA:16,0
DA:26,0
DA:35,9
DA:38,4
LF:8
LH:4
BRDA:16,0,0,0
BRDA:16,0,1,0
BRF:2
BRH:0
end_of_record
TN:
SF:src/services/tokenService.js
FN:17,signAccessToken
FN:27,verifyAccessToken
FNF:2
FNH:1
FNDA:0,signAccessToken
FNDA:9,verifyAccessToken
DA:3,4
DA:5,4
DA:6,4
DA:8,4
DA:9,0
DA:18,0
DA:28,9
DA:31,4
LF:8
LH:6
BRDA:6,0,0,4
BRDA:6,0,1,0
BRDA:8,1,0,0
BRDA:8,1,1,4
BRF:4
BRH:2
end_of_record
TN:
SF:src/utils/spreadsheetParser.js
FN:6,(anonymous_0)
FN:16,(anonymous_1)
FN:28,parseWorksheet
FN:174,generateTemplateBuffer
FNF:4
FNH:0
FNDA:0,(anonymous_0)
FNDA:0,(anonymous_1)
FNDA:0,parseWorksheet
FNDA:0,generateTemplateBuffer
DA:3,4
DA:4,4
DA:6,4
DA:7,0
DA:13,0
DA:16,4
DA:17,0
DA:18,0
DA:19,0
DA:20,0
DA:21,0
DA:29,0
DA:31,0
DA:32,0
DA:33,0
DA:36,0
DA:37,0
DA:38,0
DA:39,0
DA:42,0
DA:43,0
DA:47,0
DA:48,0
DA:49,0
DA:51,0
DA:53,0
DA:54,0
DA:55,0
DA:56,0
DA:59,0
DA:60,0
DA:61,0
DA:62,0
DA:63,0
DA:64,0
DA:65,0
DA:66,0
DA:67,0
DA:72,0
DA:73,0
DA:74,0
DA:78,0
DA:81,0
DA:82,0
DA:83,0
DA:84,0
DA:85,0
DA:88,0
DA:89,0
DA:90,0
DA:91,0
DA:92,0
DA:93,0
DA:94,0
DA:95,0
DA:96,0
DA:98,0
DA:99,0
DA:100,0
DA:105,0
DA:107,0
DA:108,0
DA:109,0
DA:111,0
DA:112,0
DA:114,0
DA:115,0
DA:117,0
DA:127,0
DA:129,0
DA:130,0
DA:131,0
DA:133,0
DA:135,0
DA:136,0
DA:137,0
DA:139,0
DA:140,0
DA:141,0
DA:143,0
DA:144,0
DA:146,0
DA:150,0
DA:151,0
DA:160,0
DA:161,0
DA:164,0
DA:165,0
DA:168,0
DA:175,0
DA:183,0
DA:184,0
DA:185,0
DA:187,0
DA:190,4
LF:95
LH:5
BRDA:13,0,0,0
BRDA:13,0,1,0
BRDA:18,1,0,0
BRDA:18,1,1,0
BRDA:18,2,0,0
BRDA:18,2,1,0
BRDA:19,3,0,0
BRDA:19,3,1,0
BRDA:19,4,0,0
BRDA:19,4,1,0
BRDA:20,5,0,0
BRDA:20,5,1,0
BRDA:20,6,0,0
BRDA:20,6,1,0
BRDA:31,7,0,0
BRDA:31,7,1,0
BRDA:42,8,0,0
BRDA:42,8,1,0
BRDA:51,9,0,0
BRDA:51,9,1,0
BRDA:53,10,0,0
BRDA:53,10,1,0
BRDA:54,11,0,0
BRDA:54,11,1,0
BRDA:61,12,0,0
BRDA:61,12,1,0
BRDA:63,13,0,0
BRDA:63,13,1,0
BRDA:64,14,0,0
BRDA:64,14,1,0
BRDA:66,15,0,0
BRDA:66,15,1,0
BRDA:66,16,0,0
BRDA:66,16,1,0
BRDA:67,17,0,0
BRDA:67,17,1,0
BRDA:72,18,0,0
BRDA:72,18,1,0
BRDA:74,19,0,0
BRDA:74,19,1,0
BRDA:74,20,0,0
BRDA:74,20,1,0
BRDA:90,21,0,0
BRDA:90,21,1,0
BRDA:93,22,0,0
BRDA:93,22,1,0
BRDA:94,23,0,0
BRDA:94,23,1,0
BRDA:94,24,0,0
BRDA:94,24,1,0
BRDA:95,25,0,0
BRDA:95,25,1,0
BRDA:95,26,0,0
BRDA:95,26,1,0
BRDA:95,26,2,0
BRDA:96,27,0,0
BRDA:96,27,1,0
BRDA:96,28,0,0
BRDA:96,28,1,0
BRDA:98,29,0,0
BRDA:98,29,1,0
BRDA:105,30,0,0
BRDA:105,30,1,0
BRDA:109,31,0,0
BRDA:109,31,1,0
BRDA:109,32,0,0
BRDA:109,32,1,0
BRDA:111,33,0,0
BRDA:111,33,1,0
BRDA:112,34,0,0
BRDA:112,34,1,0
BRDA:114,35,0,0
BRDA:114,35,1,0
BRDA:114,36,0,0
BRDA:114,36,1,0
BRDA:115,37,0,0
BRDA:115,37,1,0
BRDA:115,38,0,0
BRDA:115,38,1,0
BRDA:119,39,0,0
BRDA:119,39,1,0
BRDA:120,40,0,0
BRDA:120,40,1,0
BRDA:127,41,0,0
BRDA:127,41,1,0
BRDA:131,42,0,0
BRDA:131,42,1,0
BRDA:131,43,0,0
BRDA:131,43,1,0
BRDA:136,44,0,0
BRDA:136,44,1,0
BRDA:137,45,0,0
BRDA:137,45,1,0
BRDA:139,46,0,0
BRDA:139,46,1,0
BRDA:141,47,0,0
BRDA:141,47,1,0
BRDA:141,48,0,0
BRDA:141,48,1,0
BRDA:143,49,0,0
BRDA:143,49,1,0
BRDA:144,50,0,0
BRDA:144,50,1,0
BRDA:144,51,0,0
BRDA:144,51,1,0
BRDA:146,52,0,0
BRDA:146,52,1,0
BRDA:150,53,0,0
BRDA:150,53,1,0
BRDA:153,54,0,0
BRDA:153,54,1,0
BRDA:154,55,0,0
BRDA:154,55,1,0
BRDA:160,56,0,0
BRDA:160,56,1,0
BRDA:164,57,0,0
BRDA:164,57,1,0
BRF:117
BRH:0
end_of_record
